::1 - - [09/Dec/2021:16:41:52 -0300] "GET /root/code/historico.php HTTP/1.1" 404 221
::1 - - [09/Dec/2021:16:42:14 -0300] "GET /root/code/historico.php HTTP/1.1" 404 221
::1 - - [09/Dec/2021:16:42:24 -0300] "GET /historico.php HTTP/1.1" 404 211
::1 - - [09/Dec/2021:16:42:41 -0300] "GET /root/code/historico.php HTTP/1.1" 404 221
::1 - - [09/Dec/2021:16:42:54 -0300] "GET /root/code/indexphp HTTP/1.1" 404 216
::1 - - [09/Dec/2021:16:43:11 -0300] "GET /root/code/indexphp HTTP/1.1" 404 216
::1 - - [09/Dec/2021:16:43:31 -0300] "GET /usbwebserver/root/code/historico.php HTTP/1.1" 404 234
::1 - - [09/Dec/2021:16:44:31 -0300] "-" 408 -
::1 - - [09/Dec/2021:16:44:47 -0300] "GET /test.php HTTP/1.1" 404 206
::1 - - [09/Dec/2021:16:45:02 -0300] "GET /index.php HTTP/1.1" 200 95277
::1 - - [09/Dec/2021:16:45:12 -0300] "GET /code/index.php HTTP/1.1" 200 2187
::1 - - [09/Dec/2021:16:45:12 -0300] "GET /code/css/main.css HTTP/1.1" 200 3821
::1 - - [09/Dec/2021:16:45:12 -0300] "GET /code/imagem/logo_estacioney50px.png HTTP/1.1" 200 6425
::1 - - [09/Dec/2021:16:45:15 -0300] "POST /code/index.php HTTP/1.1" 200 2187
::1 - - [09/Dec/2021:16:45:16 -0300] "POST /code/index.php HTTP/1.1" 200 2187
::1 - - [09/Dec/2021:16:45:16 -0300] "GET /code/cadastro.php HTTP/1.1" 200 3301
::1 - - [09/Dec/2021:16:45:17 -0300] "GET /code/login.php HTTP/1.1" 404 212
::1 - - [09/Dec/2021:16:45:21 -0300] "GET /code/cadastro.php HTTP/1.1" 200 3301
::1 - - [09/Dec/2021:16:46:19 -0300] "-" 408 -
::1 - - [09/Dec/2021:16:48:09 -0300] "GET /code/historico.php HTTP/1.1" 200 2736
::1 - - [09/Dec/2021:16:48:09 -0300] "GET /code/css/main.css HTTP/1.1" 304 -
::1 - - [09/Dec/2021:16:48:09 -0300] "GET /code/imagem/logo_estacioney50px.png HTTP/1.1" 304 -
::1 - - [09/Dec/2021:16:48:09 -0300] "GET /code/imagem/opcao-de-sair.png HTTP/1.1" 200 89262
::1 - - [09/Dec/2021:16:49:09 -0300] "-" 408 -
::1 - - [09/Dec/2021:16:49:18 -0300] "GET /code/tela_estacionamento.php HTTP/1.1" 404 226
::1 - - [09/Dec/2021:16:49:41 -0300] "GET /code/home.php HTTP/1.1" 200 1031
::1 - - [09/Dec/2021:16:49:41 -0300] "GET /code/css/main.css HTTP/1.1" 304 -
::1 - - [09/Dec/2021:16:49:41 -0300] "GET /code/imagem/logo_estacioney50px.png HTTP/1.1" 304 -
::1 - - [09/Dec/2021:16:50:29 -0300] "GET /code/home.php HTTP/1.1" 200 1081
::1 - - [09/Dec/2021:16:51:25 -0300] "GET /code/home.php HTTP/1.1" 200 1081
::1 - - [09/Dec/2021:16:51:25 -0300] "GET /code/imagem/logo_estacioney50px.png HTTP/1.1" 304 -
::1 - - [09/Dec/2021:16:51:25 -0300] "GET /code/css/main.css HTTP/1.1" 200 3819
::1 - - [09/Dec/2021:16:51:55 -0300] "GET /code/home.php HTTP/1.1" 200 1119
::1 - - [09/Dec/2021:16:51:55 -0300] "GET /code/css/main.css HTTP/1.1" 304 -
::1 - - [09/Dec/2021:16:51:55 -0300] "GET /code/home.php HTTP/1.1" 200 1119
::1 - - [09/Dec/2021:16:52:16 -0300] "GET /code/home.php HTTP/1.1" 200 1119
::1 - - [09/Dec/2021:16:52:16 -0300] "GET /code/css/main.css HTTP/1.1" 304 -
::1 - - [09/Dec/2021:16:52:16 -0300] "GET /code/home.php HTTP/1.1" 200 1119
::1 - - [09/Dec/2021:16:53:16 -0300] "-" 408 -
::1 - - [09/Dec/2021:16:56:41 -0300] "GET /code/home.php HTTP/1.1" 200 1118
::1 - - [09/Dec/2021:16:56:41 -0300] "GET /code/imagem/logo_estacioney50px.png HTTP/1.1" 304 -
::1 - - [09/Dec/2021:16:56:41 -0300] "GET /code/css/main.css HTTP/1.1" 200 3908
::1 - - [09/Dec/2021:16:56:42 -0300] "GET /code/home.php HTTP/1.1" 200 1118
::1 - - [09/Dec/2021:16:56:42 -0300] "GET /code/css/main.css HTTP/1.1" 304 -
::1 - - [09/Dec/2021:16:56:42 -0300] "GET /code/home.php HTTP/1.1" 200 1118
::1 - - [09/Dec/2021:16:56:42 -0300] "GET /code/css/main.css HTTP/1.1" 304 -
::1 - - [09/Dec/2021:16:56:42 -0300] "GET /code/home.php HTTP/1.1" 200 1118
::1 - - [09/Dec/2021:16:56:42 -0300] "GET /code/css/main.css HTTP/1.1" 304 -
::1 - - [09/Dec/2021:16:57:06 -0300] "GET /code/home.php HTTP/1.1" 200 1118
::1 - - [09/Dec/2021:16:57:06 -0300] "GET /code/css/main.css HTTP/1.1" 200 4013
::1 - - [09/Dec/2021:16:57:07 -0300] "GET /code/home.php HTTP/1.1" 200 1118
::1 - - [09/Dec/2021:16:57:07 -0300] "GET /code/css/main.css HTTP/1.1" 304 -
::1 - - [09/Dec/2021:16:57:07 -0300] "GET /code/home.php HTTP/1.1" 200 1118
::1 - - [09/Dec/2021:16:57:07 -0300] "GET /code/css/main.css HTTP/1.1" 304 -
::1 - - [09/Dec/2021:16:57:08 -0300] "GET /code/home.php HTTP/1.1" 200 1118
::1 - - [09/Dec/2021:16:57:08 -0300] "GET /code/css/main.css HTTP/1.1" 304 -
::1 - - [09/Dec/2021:16:57:08 -0300] "GET /code/home.php HTTP/1.1" 200 1118
::1 - - [09/Dec/2021:16:57:08 -0300] "GET /code/home.php HTTP/1.1" 200 1118
::1 - - [09/Dec/2021:16:57:12 -0300] "GET /code/home.php HTTP/1.1" 200 1118
::1 - - [09/Dec/2021:16:57:12 -0300] "GET /code/css/main.css HTTP/1.1" 200 4013
::1 - - [09/Dec/2021:16:57:12 -0300] "GET /code/home.php HTTP/1.1" 200 1118
::1 - - [09/Dec/2021:16:57:12 -0300] "GET /code/css/main.css HTTP/1.1" 304 -
::1 - - [09/Dec/2021:16:57:13 -0300] "GET /code/home.php HTTP/1.1" 200 1118
::1 - - [09/Dec/2021:16:57:13 -0300] "GET /code/css/main.css HTTP/1.1" 304 -
::1 - - [09/Dec/2021:16:57:14 -0300] "GET /code/cadastro.php HTTP/1.1" 200 3301
::1 - - [09/Dec/2021:16:57:14 -0300] "GET /code/css/main.css HTTP/1.1" 304 -
::1 - - [09/Dec/2021:16:57:15 -0300] "GET /code/login.php HTTP/1.1" 404 212
::1 - - [09/Dec/2021:16:57:17 -0300] "GET /code/home.php HTTP/1.1" 200 1118
::1 - - [09/Dec/2021:16:57:17 -0300] "GET /code/css/main.css HTTP/1.1" 304 -
::1 - - [09/Dec/2021:16:57:17 -0300] "GET /code/home.php HTTP/1.1" 200 1118
::1 - - [09/Dec/2021:16:57:17 -0300] "GET /code/css/main.css HTTP/1.1" 304 -
::1 - - [09/Dec/2021:16:57:45 -0300] "GET /code/home.php HTTP/1.1" 200 1118
::1 - - [09/Dec/2021:16:57:45 -0300] "GET /code/css/main.css HTTP/1.1" 200 3861
::1 - - [09/Dec/2021:16:57:46 -0300] "GET /code/home.php HTTP/1.1" 200 1118
::1 - - [09/Dec/2021:16:57:46 -0300] "GET /code/css/main.css HTTP/1.1" 304 -
::1 - - [09/Dec/2021:16:57:46 -0300] "GET /code/home.php HTTP/1.1" 200 1118
::1 - - [09/Dec/2021:16:57:46 -0300] "GET /code/css/main.css HTTP/1.1" 304 -
::1 - - [09/Dec/2021:16:57:46 -0300] "GET /code/home.php HTTP/1.1" 200 1118
::1 - - [09/Dec/2021:16:57:47 -0300] "GET /code/css/main.css HTTP/1.1" 304 -
::1 - - [09/Dec/2021:16:57:47 -0300] "GET /code/home.php HTTP/1.1" 200 1118
::1 - - [09/Dec/2021:16:58:41 -0300] "GET /code/home.php HTTP/1.1" 200 1118
::1 - - [09/Dec/2021:16:58:41 -0300] "GET /code/imagem/logo_estacioney50px.png HTTP/1.1" 304 -
::1 - - [09/Dec/2021:16:58:41 -0300] "GET /code/css/main.css HTTP/1.1" 200 3859
::1 - - [09/Dec/2021:16:58:41 -0300] "GET /code/home.php HTTP/1.1" 200 1118
::1 - - [09/Dec/2021:16:58:41 -0300] "GET /code/css/main.css HTTP/1.1" 304 -
::1 - - [09/Dec/2021:16:59:07 -0300] "GET /code/home.php HTTP/1.1" 200 1134
::1 - - [09/Dec/2021:16:59:07 -0300] "GET /code/css/main.css HTTP/1.1" 304 -
::1 - - [09/Dec/2021:16:59:08 -0300] "GET /code/home.php HTTP/1.1" 200 1134
::1 - - [09/Dec/2021:16:59:08 -0300] "GET /code/home.php HTTP/1.1" 200 1134
::1 - - [09/Dec/2021:16:59:08 -0300] "GET /code/home.php HTTP/1.1" 200 1134
::1 - - [09/Dec/2021:16:59:08 -0300] "GET /code/home.php HTTP/1.1" 200 1134
::1 - - [09/Dec/2021:16:59:44 -0300] "GET /code/home.php HTTP/1.1" 200 1102
::1 - - [09/Dec/2021:16:59:44 -0300] "GET /code/css/main.css HTTP/1.1" 304 -
::1 - - [09/Dec/2021:16:59:44 -0300] "GET /code/home.php HTTP/1.1" 200 1102
::1 - - [09/Dec/2021:16:59:45 -0300] "GET /code/home.php HTTP/1.1" 200 1102
::1 - - [09/Dec/2021:16:59:45 -0300] "GET /code/home.php HTTP/1.1" 200 1102
::1 - - [09/Dec/2021:16:59:52 -0300] "GET /code/home.php HTTP/1.1" 200 1134
::1 - - [09/Dec/2021:16:59:52 -0300] "GET /code/css/main.css HTTP/1.1" 304 -
::1 - - [09/Dec/2021:17:00:52 -0300] "-" 408 -
::1 - - [09/Dec/2021:17:02:27 -0300] "GET /code/home.php HTTP/1.1" 200 1179
::1 - - [09/Dec/2021:17:02:27 -0300] "GET /code/css/main.css HTTP/1.1" 304 -
::1 - - [09/Dec/2021:17:02:27 -0300] "GET /code/imagem/logo_estacioney50px.png HTTP/1.1" 304 -
::1 - - [09/Dec/2021:17:02:28 -0300] "GET /code/home.php HTTP/1.1" 200 1179
::1 - - [09/Dec/2021:17:02:55 -0300] "GET /code/home.php HTTP/1.1" 200 1179
::1 - - [09/Dec/2021:17:02:55 -0300] "GET /code/css/main.css HTTP/1.1" 200 3899
::1 - - [09/Dec/2021:17:02:56 -0300] "GET /code/home.php HTTP/1.1" 200 1179
::1 - - [09/Dec/2021:17:02:56 -0300] "GET /code/css/main.css HTTP/1.1" 304 -
::1 - - [09/Dec/2021:17:02:56 -0300] "GET /code/home.php HTTP/1.1" 200 1179
::1 - - [09/Dec/2021:17:02:56 -0300] "GET /code/css/main.css HTTP/1.1" 304 -
::1 - - [09/Dec/2021:17:02:57 -0300] "GET /code/home.php HTTP/1.1" 200 1179
::1 - - [09/Dec/2021:17:02:57 -0300] "GET /code/css/main.css HTTP/1.1" 304 -
::1 - - [09/Dec/2021:17:02:57 -0300] "GET /code/home.php HTTP/1.1" 200 1179
::1 - - [09/Dec/2021:17:03:55 -0300] "-" 408 -
::1 - - [09/Dec/2021:17:05:40 -0300] "GET /code/home.php HTTP/1.1" 200 1195
::1 - - [09/Dec/2021:17:05:40 -0300] "GET /code/css/main.css HTTP/1.1" 200 4310
::1 - - [09/Dec/2021:17:05:40 -0300] "GET /code/imagem/logo_estacioney50px.png HTTP/1.1" 304 -
::1 - - [09/Dec/2021:17:05:55 -0300] "GET /code/home.php HTTP/1.1" 200 1195
::1 - - [09/Dec/2021:17:05:55 -0300] "GET /code/css/main.css HTTP/1.1" 200 3967
::1 - - [09/Dec/2021:17:05:55 -0300] "GET /code/home.php HTTP/1.1" 200 1195
::1 - - [09/Dec/2021:17:05:55 -0300] "GET /code/css/main.css HTTP/1.1" 304 -
::1 - - [09/Dec/2021:17:05:56 -0300] "GET /code/home.php HTTP/1.1" 200 1195
::1 - - [09/Dec/2021:17:05:56 -0300] "GET /code/css/main.css HTTP/1.1" 304 -
::1 - - [09/Dec/2021:17:05:59 -0300] "GET /code/home.php HTTP/1.1" 200 1195
::1 - - [09/Dec/2021:17:05:59 -0300] "GET /code/css/main.css HTTP/1.1" 200 4310
::1 - - [09/Dec/2021:17:06:55 -0300] "-" 408 -
::1 - - [09/Dec/2021:17:08:04 -0300] "GET /code/home.php HTTP/1.1" 200 1195
::1 - - [09/Dec/2021:17:08:04 -0300] "GET /code/css/main.css HTTP/1.1" 200 3903
::1 - - [09/Dec/2021:17:08:05 -0300] "GET /code/home.php HTTP/1.1" 200 1195
::1 - - [09/Dec/2021:17:08:05 -0300] "GET /code/css/main.css HTTP/1.1" 304 -
::1 - - [09/Dec/2021:17:08:05 -0300] "GET /code/home.php HTTP/1.1" 200 1195
::1 - - [09/Dec/2021:17:08:05 -0300] "GET /code/css/main.css HTTP/1.1" 304 -
::1 - - [09/Dec/2021:17:08:06 -0300] "GET /code/home.php HTTP/1.1" 200 1195
::1 - - [09/Dec/2021:17:08:06 -0300] "GET /code/css/main.css HTTP/1.1" 304 -
::1 - - [09/Dec/2021:17:08:06 -0300] "GET /code/home.php HTTP/1.1" 200 1195
::1 - - [09/Dec/2021:17:08:06 -0300] "GET /code/css/main.css HTTP/1.1" 304 -
::1 - - [09/Dec/2021:17:08:12 -0300] "GET /code/home.php HTTP/1.1" 200 1195
::1 - - [09/Dec/2021:17:08:12 -0300] "GET /code/css/main.css HTTP/1.1" 200 3904
::1 - - [09/Dec/2021:17:08:13 -0300] "GET /code/home.php HTTP/1.1" 200 1195
::1 - - [09/Dec/2021:17:08:13 -0300] "GET /code/css/main.css HTTP/1.1" 304 -
::1 - - [09/Dec/2021:17:08:33 -0300] "GET /code/home.php HTTP/1.1" 200 1196
::1 - - [09/Dec/2021:17:08:33 -0300] "GET /code/css/main.css HTTP/1.1" 304 -
::1 - - [09/Dec/2021:17:08:33 -0300] "GET /code/imagem/logo_estacioney50px.png HTTP/1.1" 304 -
::1 - - [09/Dec/2021:17:08:33 -0300] "GET /code/home.php HTTP/1.1" 200 1196
::1 - - [09/Dec/2021:17:08:39 -0300] "GET /code/home.php HTTP/1.1" 200 1196
::1 - - [09/Dec/2021:17:08:39 -0300] "GET /code/css/main.css HTTP/1.1" 200 3903
::1 - - [09/Dec/2021:17:09:03 -0300] "GET /code/home.php HTTP/1.1" 200 1137
::1 - - [09/Dec/2021:17:09:03 -0300] "GET /code/css/main.css HTTP/1.1" 304 -
::1 - - [09/Dec/2021:17:09:04 -0300] "GET /code/home.php HTTP/1.1" 200 1137
::1 - - [09/Dec/2021:17:09:04 -0300] "GET /code/home.php HTTP/1.1" 200 1137
::1 - - [09/Dec/2021:17:10:01 -0300] "GET /code/home.php HTTP/1.1" 200 1137
::1 - - [09/Dec/2021:17:10:01 -0300] "GET /code/css/main.css HTTP/1.1" 200 3933
::1 - - [09/Dec/2021:17:10:02 -0300] "GET /code/home.php HTTP/1.1" 200 1137
::1 - - [09/Dec/2021:17:10:02 -0300] "GET /code/css/main.css HTTP/1.1" 304 -
::1 - - [09/Dec/2021:17:10:28 -0300] "GET /code/home.php HTTP/1.1" 200 1137
::1 - - [09/Dec/2021:17:10:28 -0300] "GET /code/css/main.css HTTP/1.1" 200 3927
::1 - - [09/Dec/2021:17:10:29 -0300] "GET /code/home.php HTTP/1.1" 200 1137
::1 - - [09/Dec/2021:17:10:29 -0300] "GET /code/css/main.css HTTP/1.1" 304 -
::1 - - [09/Dec/2021:17:10:47 -0300] "GET /code/home.php HTTP/1.1" 200 1137
::1 - - [09/Dec/2021:17:10:47 -0300] "GET /code/css/main.css HTTP/1.1" 200 3950
::1 - - [09/Dec/2021:17:10:53 -0300] "GET /code/home.php HTTP/1.1" 200 1137
::1 - - [09/Dec/2021:17:10:53 -0300] "GET /code/css/main.css HTTP/1.1" 200 3951
::1 - - [09/Dec/2021:17:11:17 -0300] "GET /code/home.php HTTP/1.1" 200 1141
::1 - - [09/Dec/2021:17:11:17 -0300] "GET /code/css/main.css HTTP/1.1" 304 -
::1 - - [09/Dec/2021:17:12:17 -0300] "-" 408 -
::1 - - [09/Dec/2021:17:15:26 -0300] "GET /code/home.php HTTP/1.1" 200 1254
::1 - - [09/Dec/2021:17:15:26 -0300] "GET /code/css/main.css HTTP/1.1" 304 -
::1 - - [09/Dec/2021:17:15:26 -0300] "GET /code/imagem/logo_estacioney50px.png HTTP/1.1" 304 -
::1 - - [09/Dec/2021:17:15:27 -0300] "GET /code/home.php HTTP/1.1" 200 1254
::1 - - [09/Dec/2021:17:15:27 -0300] "GET /code/home.php HTTP/1.1" 200 1254
::1 - - [09/Dec/2021:17:16:31 -0300] "GET /code/home.php HTTP/1.1" 200 1254
::1 - - [09/Dec/2021:17:16:31 -0300] "GET /code/css/main.css HTTP/1.1" 304 -
::1 - - [09/Dec/2021:17:17:31 -0300] "-" 408 -
::1 - - [09/Dec/2021:17:17:43 -0300] "GET /code/home.php HTTP/1.1" 200 1289
::1 - - [09/Dec/2021:17:17:43 -0300] "GET /code/css/main.css HTTP/1.1" 200 3984
::1 - - [09/Dec/2021:17:17:44 -0300] "GET /code/home.php HTTP/1.1" 200 1289
::1 - - [09/Dec/2021:17:17:44 -0300] "GET /code/css/main.css HTTP/1.1" 304 -
::1 - - [09/Dec/2021:17:18:12 -0300] "GET /code/home.php HTTP/1.1" 200 1289
::1 - - [09/Dec/2021:17:18:12 -0300] "GET /code/css/main.css HTTP/1.1" 200 4010
::1 - - [09/Dec/2021:17:19:12 -0300] "-" 408 -
::1 - - [09/Dec/2021:17:19:15 -0300] "GET /code/home.php HTTP/1.1" 200 1289
::1 - - [09/Dec/2021:17:19:15 -0300] "GET /code/imagem/logo_estacioney50px.png HTTP/1.1" 304 -
::1 - - [09/Dec/2021:17:19:15 -0300] "GET /code/css/main.css HTTP/1.1" 200 4168
::1 - - [09/Dec/2021:17:19:32 -0300] "GET /code/home.php HTTP/1.1" 200 1324
::1 - - [09/Dec/2021:17:19:32 -0300] "GET /code/css/main.css HTTP/1.1" 304 -
::1 - - [09/Dec/2021:17:19:44 -0300] "GET /code/home.php HTTP/1.1" 200 1324
::1 - - [09/Dec/2021:17:19:44 -0300] "GET /code/css/main.css HTTP/1.1" 304 -
::1 - - [09/Dec/2021:17:19:45 -0300] "GET /code/home.php HTTP/1.1" 200 1324
::1 - - [09/Dec/2021:17:19:45 -0300] "GET /code/home.php HTTP/1.1" 200 1324
::1 - - [09/Dec/2021:17:19:46 -0300] "GET /code/home.php HTTP/1.1" 200 1324
::1 - - [09/Dec/2021:17:19:51 -0300] "GET /code/home.php HTTP/1.1" 200 1299
::1 - - [09/Dec/2021:17:19:51 -0300] "GET /code/css/main.css HTTP/1.1" 304 -
::1 - - [09/Dec/2021:17:19:57 -0300] "GET /code/home.php HTTP/1.1" 200 1324
::1 - - [09/Dec/2021:17:19:57 -0300] "GET /code/css/main.css HTTP/1.1" 200 4168
::1 - - [09/Dec/2021:17:20:57 -0300] "-" 408 -
::1 - - [09/Dec/2021:17:21:21 -0300] "GET /code/home.php HTTP/1.1" 200 1474
::1 - - [09/Dec/2021:17:21:21 -0300] "GET /code/css/main.css HTTP/1.1" 304 -
::1 - - [09/Dec/2021:17:21:31 -0300] "GET /code/home.php HTTP/1.1" 200 1475
::1 - - [09/Dec/2021:17:21:31 -0300] "GET /code/css/main.css HTTP/1.1" 304 -
::1 - - [09/Dec/2021:17:21:54 -0300] "GET /code/home.php HTTP/1.1" 200 1475
::1 - - [09/Dec/2021:17:21:54 -0300] "GET /code/css/main.css HTTP/1.1" 200 4204
::1 - - [09/Dec/2021:17:21:55 -0300] "GET /code/home.php HTTP/1.1" 200 1475
::1 - - [09/Dec/2021:17:21:55 -0300] "GET /code/css/main.css HTTP/1.1" 304 -
::1 - - [09/Dec/2021:17:22:19 -0300] "GET /code/home.php HTTP/1.1" 200 1475
::1 - - [09/Dec/2021:17:22:19 -0300] "GET /code/css/main.css HTTP/1.1" 200 4245
::1 - - [09/Dec/2021:17:22:26 -0300] "GET /code/home.php HTTP/1.1" 200 1475
::1 - - [09/Dec/2021:17:22:26 -0300] "GET /code/css/main.css HTTP/1.1" 200 4244
::1 - - [09/Dec/2021:17:22:36 -0300] "GET /code/home.php HTTP/1.1" 200 1475
::1 - - [09/Dec/2021:17:22:36 -0300] "GET /code/css/main.css HTTP/1.1" 200 4248
::1 - - [09/Dec/2021:17:22:38 -0300] "GET /code/home.php HTTP/1.1" 200 1475
::1 - - [09/Dec/2021:17:22:38 -0300] "GET /code/css/main.css HTTP/1.1" 304 -
::1 - - [09/Dec/2021:17:22:39 -0300] "GET /code/home.php HTTP/1.1" 200 1475
::1 - - [09/Dec/2021:17:22:39 -0300] "GET /code/css/main.css HTTP/1.1" 304 -
::1 - - [09/Dec/2021:17:22:39 -0300] "GET /code/home.php HTTP/1.1" 200 1475
::1 - - [09/Dec/2021:17:22:44 -0300] "GET /code/home.php HTTP/1.1" 200 1475
::1 - - [09/Dec/2021:17:22:44 -0300] "GET /code/css/main.css HTTP/1.1" 200 4249
::1 - - [09/Dec/2021:17:22:44 -0300] "GET /code/home.php HTTP/1.1" 200 1475
::1 - - [09/Dec/2021:17:22:44 -0300] "GET /code/css/main.css HTTP/1.1" 304 -
::1 - - [09/Dec/2021:17:22:55 -0300] "GET /code/home.php HTTP/1.1" 200 1477
::1 - - [09/Dec/2021:17:22:55 -0300] "GET /code/css/main.css HTTP/1.1" 304 -
::1 - - [09/Dec/2021:17:23:35 -0300] "GET /code/home.php HTTP/1.1" 200 1479
::1 - - [09/Dec/2021:17:23:35 -0300] "GET /code/css/main.css HTTP/1.1" 304 -
::1 - - [09/Dec/2021:17:23:35 -0300] "GET /code/imagem/logo_estacioney50px.png HTTP/1.1" 304 -
::1 - - [09/Dec/2021:17:24:18 -0300] "GET /code/home.php HTTP/1.1" 200 1479
::1 - - [09/Dec/2021:17:24:18 -0300] "GET /code/css/main.css HTTP/1.1" 200 4272
::1 - - [09/Dec/2021:17:24:20 -0300] "GET /code/home.php HTTP/1.1" 200 1479
::1 - - [09/Dec/2021:17:24:20 -0300] "GET /code/css/main.css HTTP/1.1" 304 -
::1 - - [09/Dec/2021:17:24:24 -0300] "GET /code/home.php HTTP/1.1" 200 1477
::1 - - [09/Dec/2021:17:24:24 -0300] "GET /code/css/main.css HTTP/1.1" 304 -
::1 - - [09/Dec/2021:17:24:32 -0300] "GET /code/home.php HTTP/1.1" 200 1477
::1 - - [09/Dec/2021:17:24:32 -0300] "GET /code/css/main.css HTTP/1.1" 200 4275
::1 - - [09/Dec/2021:17:24:37 -0300] "GET /code/home.php HTTP/1.1" 200 1477
::1 - - [09/Dec/2021:17:24:37 -0300] "GET /code/css/main.css HTTP/1.1" 200 4275
::1 - - [09/Dec/2021:17:24:37 -0300] "GET /code/home.php HTTP/1.1" 200 1477
::1 - - [09/Dec/2021:17:24:37 -0300] "GET /code/css/main.css HTTP/1.1" 304 -
::1 - - [09/Dec/2021:17:24:38 -0300] "GET /code/home.php HTTP/1.1" 200 1477
::1 - - [09/Dec/2021:17:24:38 -0300] "GET /code/css/main.css HTTP/1.1" 304 -
::1 - - [09/Dec/2021:17:25:37 -0300] "-" 408 -
::1 - - [09/Dec/2021:17:25:50 -0300] "GET /code/home.php HTTP/1.1" 200 1477
::1 - - [09/Dec/2021:17:25:50 -0300] "GET /code/css/main.css HTTP/1.1" 200 4275
::1 - - [09/Dec/2021:17:25:51 -0300] "GET /code/home.php HTTP/1.1" 200 1477
::1 - - [09/Dec/2021:17:25:51 -0300] "GET /code/css/main.css HTTP/1.1" 304 -
::1 - - [09/Dec/2021:17:25:51 -0300] "GET /code/home.php HTTP/1.1" 200 1477
::1 - - [09/Dec/2021:17:25:51 -0300] "GET /code/css/main.css HTTP/1.1" 304 -
::1 - - [09/Dec/2021:17:25:58 -0300] "GET /code/home.php HTTP/1.1" 200 1475
::1 - - [09/Dec/2021:17:25:58 -0300] "GET /code/css/main.css HTTP/1.1" 200 4272
::1 - - [09/Dec/2021:17:25:59 -0300] "GET /code/home.php HTTP/1.1" 200 1475
::1 - - [09/Dec/2021:17:25:59 -0300] "GET /code/css/main.css HTTP/1.1" 304 -
::1 - - [09/Dec/2021:17:26:14 -0300] "GET /code/css/main.css HTTP/1.1" 200 4249
::1 - - [09/Dec/2021:17:26:35 -0300] "GET /code/home.php HTTP/1.1" 200 1481
::1 - - [09/Dec/2021:17:26:35 -0300] "GET /code/css/main.css HTTP/1.1" 304 -
::1 - - [09/Dec/2021:17:26:44 -0300] "GET /code/home.php HTTP/1.1" 200 1477
::1 - - [09/Dec/2021:17:26:44 -0300] "GET /code/css/main.css HTTP/1.1" 304 -
::1 - - [09/Dec/2021:17:27:44 -0300] "-" 408 -
::1 - - [09/Dec/2021:17:27:46 -0300] "GET /code/home.php HTTP/1.1" 200 1477
::1 - - [09/Dec/2021:17:27:46 -0300] "GET /code/css/main.css HTTP/1.1" 304 -
::1 - - [09/Dec/2021:17:27:47 -0300] "GET /code/home.php HTTP/1.1" 200 1477
::1 - - [09/Dec/2021:17:27:48 -0300] "GET /code/home.php HTTP/1.1" 200 1477
::1 - - [09/Dec/2021:17:27:54 -0300] "GET /code/home.php HTTP/1.1" 200 1477
::1 - - [09/Dec/2021:17:27:55 -0300] "GET /code/home.php HTTP/1.1" 200 1477
::1 - - [09/Dec/2021:17:27:56 -0300] "GET /code/home.php HTTP/1.1" 200 1477
::1 - - [09/Dec/2021:17:27:56 -0300] "GET /code/css/main.css HTTP/1.1" 200 4247
::1 - - [09/Dec/2021:17:27:57 -0300] "GET /code/home.php HTTP/1.1" 200 1477
::1 - - [09/Dec/2021:17:27:57 -0300] "GET /code/css/main.css HTTP/1.1" 304 -
::1 - - [09/Dec/2021:17:27:57 -0300] "GET /code/home.php HTTP/1.1" 200 1477
::1 - - [09/Dec/2021:17:27:57 -0300] "GET /code/css/main.css HTTP/1.1" 304 -
::1 - - [09/Dec/2021:17:28:17 -0300] "GET /code/home.php HTTP/1.1" 200 1577
::1 - - [09/Dec/2021:17:28:17 -0300] "GET /code/css/main.css HTTP/1.1" 304 -
::1 - - [09/Dec/2021:17:28:17 -0300] "GET /code/imagem/logo_estacioney50px.png HTTP/1.1" 304 -
::1 - - [09/Dec/2021:17:28:18 -0300] "GET /code/home.php HTTP/1.1" 200 1577
::1 - - [09/Dec/2021:17:28:34 -0300] "GET /code/home.php HTTP/1.1" 200 1577
::1 - - [09/Dec/2021:17:28:34 -0300] "GET /code/css/main.css HTTP/1.1" 304 -
::1 - - [09/Dec/2021:17:28:48 -0300] "GET /code/home.php HTTP/1.1" 200 1577
::1 - - [09/Dec/2021:17:28:48 -0300] "GET /code/css/main.css HTTP/1.1" 200 4270
::1 - - [09/Dec/2021:17:28:49 -0300] "GET /code/home.php HTTP/1.1" 200 1577
::1 - - [09/Dec/2021:17:28:49 -0300] "GET /code/css/main.css HTTP/1.1" 304 -
::1 - - [09/Dec/2021:17:29:05 -0300] "GET /code/home.php HTTP/1.1" 200 1577
::1 - - [09/Dec/2021:17:29:05 -0300] "GET /code/css/main.css HTTP/1.1" 200 4268
::1 - - [09/Dec/2021:17:29:06 -0300] "GET /code/home.php HTTP/1.1" 200 1577
::1 - - [09/Dec/2021:17:29:06 -0300] "GET /code/css/main.css HTTP/1.1" 304 -
::1 - - [09/Dec/2021:17:29:14 -0300] "GET /code/home.php HTTP/1.1" 200 1577
::1 - - [09/Dec/2021:17:29:14 -0300] "GET /code/css/main.css HTTP/1.1" 200 4268
::1 - - [09/Dec/2021:17:29:15 -0300] "GET /code/home.php HTTP/1.1" 200 1577
::1 - - [09/Dec/2021:17:29:15 -0300] "GET /code/css/main.css HTTP/1.1" 304 -
::1 - - [09/Dec/2021:17:29:16 -0300] "GET /code/home.php HTTP/1.1" 200 1577
::1 - - [09/Dec/2021:17:29:16 -0300] "GET /code/css/main.css HTTP/1.1" 304 -
::1 - - [09/Dec/2021:17:29:17 -0300] "GET /code/home.php HTTP/1.1" 200 1577
::1 - - [09/Dec/2021:17:29:17 -0300] "GET /code/css/main.css HTTP/1.1" 304 -
::1 - - [09/Dec/2021:17:29:23 -0300] "GET /code/home.php HTTP/1.1" 200 1577
::1 - - [09/Dec/2021:17:29:23 -0300] "GET /code/css/main.css HTTP/1.1" 200 4268
::1 - - [09/Dec/2021:17:29:24 -0300] "GET /code/home.php HTTP/1.1" 200 1577
::1 - - [09/Dec/2021:17:29:24 -0300] "GET /code/css/main.css HTTP/1.1" 304 -
::1 - - [09/Dec/2021:17:29:25 -0300] "GET /code/home.php HTTP/1.1" 200 1577
::1 - - [09/Dec/2021:17:29:25 -0300] "GET /code/css/main.css HTTP/1.1" 304 -
::1 - - [09/Dec/2021:17:29:38 -0300] "GET /code/home.php HTTP/1.1" 200 1577
::1 - - [09/Dec/2021:17:29:38 -0300] "GET /code/css/main.css HTTP/1.1" 200 4291
::1 - - [09/Dec/2021:17:29:39 -0300] "GET /code/home.php HTTP/1.1" 200 1577
::1 - - [09/Dec/2021:17:29:39 -0300] "GET /code/css/main.css HTTP/1.1" 304 -
::1 - - [09/Dec/2021:17:29:44 -0300] "GET /code/home.php HTTP/1.1" 200 1577
::1 - - [09/Dec/2021:17:29:44 -0300] "GET /code/css/main.css HTTP/1.1" 200 4291
::1 - - [09/Dec/2021:17:29:49 -0300] "GET /code/home.php HTTP/1.1" 200 1577
::1 - - [09/Dec/2021:17:29:49 -0300] "GET /code/css/main.css HTTP/1.1" 200 4291
::1 - - [09/Dec/2021:17:29:59 -0300] "GET /code/home.php HTTP/1.1" 200 1440
::1 - - [09/Dec/2021:17:29:59 -0300] "GET /code/css/main.css HTTP/1.1" 304 -
::1 - - [09/Dec/2021:17:30:00 -0300] "GET /code/home.php HTTP/1.1" 200 1440
::1 - - [09/Dec/2021:17:30:00 -0300] "GET /code/css/main.css HTTP/1.1" 304 -
::1 - - [09/Dec/2021:17:30:08 -0300] "GET /code/home.php HTTP/1.1" 200 1440
::1 - - [09/Dec/2021:17:30:08 -0300] "GET /code/css/main.css HTTP/1.1" 200 4291
::1 - - [09/Dec/2021:17:30:09 -0300] "GET /code/home.php HTTP/1.1" 200 1440
::1 - - [09/Dec/2021:17:30:09 -0300] "GET /code/css/main.css HTTP/1.1" 304 -
::1 - - [09/Dec/2021:17:30:13 -0300] "GET /code/home.php HTTP/1.1" 200 1440
::1 - - [09/Dec/2021:17:30:13 -0300] "GET /code/css/main.css HTTP/1.1" 200 4268
::1 - - [09/Dec/2021:17:30:30 -0300] "GET /code/home.php HTTP/1.1" 200 1440
::1 - - [09/Dec/2021:17:30:30 -0300] "GET /code/css/main.css HTTP/1.1" 200 4291
::1 - - [09/Dec/2021:17:30:38 -0300] "GET /code/home.php HTTP/1.1" 200 1440
::1 - - [09/Dec/2021:17:30:38 -0300] "GET /code/css/main.css HTTP/1.1" 200 4291
::1 - - [09/Dec/2021:17:30:44 -0300] "GET /code/home.php HTTP/1.1" 200 1440
::1 - - [09/Dec/2021:17:30:44 -0300] "GET /code/css/main.css HTTP/1.1" 200 4268
::1 - - [09/Dec/2021:17:30:45 -0300] "GET /code/home.php HTTP/1.1" 200 1440
::1 - - [09/Dec/2021:17:30:45 -0300] "GET /code/css/main.css HTTP/1.1" 304 -
::1 - - [09/Dec/2021:17:30:52 -0300] "GET /code/home.php HTTP/1.1" 200 1440
::1 - - [09/Dec/2021:17:30:52 -0300] "GET /code/css/main.css HTTP/1.1" 200 4245
::1 - - [09/Dec/2021:17:31:08 -0300] "GET /code/home.php HTTP/1.1" 200 1440
::1 - - [09/Dec/2021:17:31:08 -0300] "GET /code/css/main.css HTTP/1.1" 200 4275
::1 - - [09/Dec/2021:17:31:20 -0300] "GET /code/home.php HTTP/1.1" 200 1440
::1 - - [09/Dec/2021:17:31:21 -0300] "GET /code/css/main.css HTTP/1.1" 200 4293
::1 - - [09/Dec/2021:17:31:21 -0300] "GET /code/home.php HTTP/1.1" 200 1440
::1 - - [09/Dec/2021:17:31:21 -0300] "GET /code/css/main.css HTTP/1.1" 304 -
::1 - - [09/Dec/2021:17:31:22 -0300] "GET /code/home.php HTTP/1.1" 200 1440
::1 - - [09/Dec/2021:17:31:22 -0300] "GET /code/css/main.css HTTP/1.1" 304 -
::1 - - [09/Dec/2021:17:31:29 -0300] "GET /code/home.php HTTP/1.1" 200 1440
::1 - - [09/Dec/2021:17:31:29 -0300] "GET /code/css/main.css HTTP/1.1" 200 4298
::1 - - [09/Dec/2021:17:31:30 -0300] "GET /code/home.php HTTP/1.1" 200 1440
::1 - - [09/Dec/2021:17:31:30 -0300] "GET /code/css/main.css HTTP/1.1" 304 -
::1 - - [09/Dec/2021:17:31:31 -0300] "GET /code/home.php HTTP/1.1" 200 1440
::1 - - [09/Dec/2021:17:31:31 -0300] "GET /code/css/main.css HTTP/1.1" 304 -
::1 - - [09/Dec/2021:17:31:37 -0300] "GET /code/home.php HTTP/1.1" 200 1440
::1 - - [09/Dec/2021:17:31:37 -0300] "GET /code/css/main.css HTTP/1.1" 200 4298
::1 - - [09/Dec/2021:17:31:41 -0300] "GET /code/home.php HTTP/1.1" 200 1440
::1 - - [09/Dec/2021:17:31:41 -0300] "GET /code/css/main.css HTTP/1.1" 200 4298
::1 - - [09/Dec/2021:17:31:44 -0300] "GET /code/home.php HTTP/1.1" 200 1440
::1 - - [09/Dec/2021:17:31:44 -0300] "GET /code/css/main.css HTTP/1.1" 200 4298
::1 - - [09/Dec/2021:17:31:59 -0300] "GET /code/home.php HTTP/1.1" 200 1440
::1 - - [09/Dec/2021:17:31:59 -0300] "GET /code/css/main.css HTTP/1.1" 200 4297
::1 - - [09/Dec/2021:17:32:02 -0300] "GET /code/home.php HTTP/1.1" 200 1440
::1 - - [09/Dec/2021:17:32:02 -0300] "GET /code/css/main.css HTTP/1.1" 304 -
::1 - - [09/Dec/2021:17:32:07 -0300] "GET /code/home.php HTTP/1.1" 200 1440
::1 - - [09/Dec/2021:17:32:07 -0300] "GET /code/css/main.css HTTP/1.1" 200 4297
::1 - - [09/Dec/2021:17:32:07 -0300] "GET /code/home.php HTTP/1.1" 200 1440
::1 - - [09/Dec/2021:17:32:07 -0300] "GET /code/css/main.css HTTP/1.1" 304 -
::1 - - [09/Dec/2021:17:32:13 -0300] "GET /code/css/main.css HTTP/1.1" 304 -
::1 - - [09/Dec/2021:17:32:22 -0300] "GET /code/home.php HTTP/1.1" 200 1440
::1 - - [09/Dec/2021:17:32:22 -0300] "GET /code/css/main.css HTTP/1.1" 200 4296
::1 - - [09/Dec/2021:17:32:22 -0300] "GET /code/home.php HTTP/1.1" 200 1440
::1 - - [09/Dec/2021:17:32:22 -0300] "GET /code/css/main.css HTTP/1.1" 304 -
::1 - - [09/Dec/2021:17:32:22 -0300] "GET /code/home.php HTTP/1.1" 200 1440
::1 - - [09/Dec/2021:17:32:23 -0300] "GET /code/css/main.css HTTP/1.1" 304 -
::1 - - [09/Dec/2021:17:32:26 -0300] "GET /code/home.php HTTP/1.1" 200 1440
::1 - - [09/Dec/2021:17:32:26 -0300] "GET /code/css/main.css HTTP/1.1" 200 4274
::1 - - [09/Dec/2021:17:32:27 -0300] "GET /code/home.php HTTP/1.1" 200 1440
::1 - - [09/Dec/2021:17:32:27 -0300] "GET /code/css/main.css HTTP/1.1" 304 -
::1 - - [09/Dec/2021:17:32:32 -0300] "GET /code/home.php HTTP/1.1" 200 1440
::1 - - [09/Dec/2021:17:32:32 -0300] "GET /code/css/main.css HTTP/1.1" 200 4274
::1 - - [09/Dec/2021:17:32:58 -0300] "GET /code/home.php HTTP/1.1" 200 1440
::1 - - [09/Dec/2021:17:32:58 -0300] "GET /code/css/main.css HTTP/1.1" 200 4274
::1 - - [09/Dec/2021:17:33:09 -0300] "GET /code/css/main.css HTTP/1.1" 304 -
::1 - - [09/Dec/2021:17:33:19 -0300] "GET /code/home.php HTTP/1.1" 200 1440
::1 - - [09/Dec/2021:17:33:19 -0300] "GET /code/imagem/logo_estacioney50px.png HTTP/1.1" 304 -
::1 - - [09/Dec/2021:17:33:19 -0300] "GET /code/css/main.css HTTP/1.1" 200 4274
::1 - - [09/Dec/2021:17:33:28 -0300] "GET /code/home.php HTTP/1.1" 200 1440
::1 - - [09/Dec/2021:17:33:28 -0300] "GET /code/css/main.css HTTP/1.1" 200 4274
::1 - - [09/Dec/2021:17:33:34 -0300] "GET /code/home.php HTTP/1.1" 200 1440
::1 - - [09/Dec/2021:17:33:34 -0300] "GET /code/css/main.css HTTP/1.1" 200 4274
::1 - - [09/Dec/2021:17:33:35 -0300] "GET /code/home.php HTTP/1.1" 200 1440
::1 - - [09/Dec/2021:17:33:35 -0300] "GET /code/css/main.css HTTP/1.1" 304 -
::1 - - [09/Dec/2021:17:33:39 -0300] "GET /code/home.php HTTP/1.1" 200 1440
::1 - - [09/Dec/2021:17:33:39 -0300] "GET /code/css/main.css HTTP/1.1" 200 4274
::1 - - [09/Dec/2021:17:33:44 -0300] "GET /code/home.php HTTP/1.1" 200 1440
::1 - - [09/Dec/2021:17:33:44 -0300] "GET /code/css/main.css HTTP/1.1" 200 4274
::1 - - [09/Dec/2021:17:34:03 -0300] "GET /code/home.php HTTP/1.1" 200 1440
::1 - - [09/Dec/2021:17:34:03 -0300] "GET /code/css/main.css HTTP/1.1" 200 4225
::1 - - [09/Dec/2021:17:34:08 -0300] "GET /code/home.php HTTP/1.1" 200 1440
::1 - - [09/Dec/2021:17:34:08 -0300] "GET /code/css/main.css HTTP/1.1" 200 4274
::1 - - [09/Dec/2021:17:34:22 -0300] "GET /code/home.php HTTP/1.1" 200 1440
::1 - - [09/Dec/2021:17:34:22 -0300] "GET /code/css/main.css HTTP/1.1" 200 4256
::1 - - [09/Dec/2021:17:34:39 -0300] "GET /code/home.php HTTP/1.1" 200 1440
::1 - - [09/Dec/2021:17:34:39 -0300] "GET /code/css/main.css HTTP/1.1" 200 4133
::1 - - [09/Dec/2021:17:34:43 -0300] "GET /code/home.php HTTP/1.1" 200 1440
::1 - - [09/Dec/2021:17:34:43 -0300] "GET /code/css/main.css HTTP/1.1" 200 4274
::1 - - [09/Dec/2021:17:34:47 -0300] "GET /code/css/main.css HTTP/1.1" 304 -
::1 - - [09/Dec/2021:17:35:39 -0300] "-" 408 -
::1 - - [09/Dec/2021:17:36:13 -0300] "GET /code/home.php HTTP/1.1" 200 1440
::1 - - [09/Dec/2021:17:36:13 -0300] "GET /code/css/main.css HTTP/1.1" 200 4274
::1 - - [09/Dec/2021:17:36:17 -0300] "GET /code/home.php HTTP/1.1" 200 1440
::1 - - [09/Dec/2021:17:36:17 -0300] "GET /code/css/main.css HTTP/1.1" 200 4274
::1 - - [09/Dec/2021:17:36:23 -0300] "GET /code/home.php HTTP/1.1" 200 1440
::1 - - [09/Dec/2021:17:36:23 -0300] "GET /code/css/main.css HTTP/1.1" 200 4274
::1 - - [09/Dec/2021:17:36:30 -0300] "GET /code/home.php HTTP/1.1" 200 1440
::1 - - [09/Dec/2021:17:36:30 -0300] "GET /code/css/main.css HTTP/1.1" 200 4274
::1 - - [09/Dec/2021:17:36:50 -0300] "GET /code/css/main.css HTTP/1.1" 304 -
::1 - - [09/Dec/2021:17:46:10 -0300] "GET /code/historico.php HTTP/1.1" 200 2736
::1 - - [09/Dec/2021:17:46:10 -0300] "GET /code/css/main.css HTTP/1.1" 304 -
::1 - - [09/Dec/2021:17:46:10 -0300] "GET /code/imagem/opcao-de-sair.png HTTP/1.1" 304 -
::1 - - [09/Dec/2021:17:46:10 -0300] "GET /code/imagem/logo_estacioney50px.png HTTP/1.1" 304 -
::1 - - [09/Dec/2021:17:46:28 -0300] "GET /code/home.php HTTP/1.1" 200 1440
::1 - - [09/Dec/2021:17:47:28 -0300] "-" 408 -
::1 - - [09/Dec/2021:17:47:33 -0300] "-" 408 -
::1 - - [09/Dec/2021:17:51:33 -0300] "GET /code/historico.php HTTP/1.1" 200 2736
::1 - - [09/Dec/2021:17:51:33 -0300] "GET /code/css/main.css HTTP/1.1" 304 -
::1 - - [09/Dec/2021:17:52:12 -0300] "GET /code/historico.php HTTP/1.1" 200 2756
::1 - - [09/Dec/2021:17:52:13 -0300] "GET /code/historico.php HTTP/1.1" 200 2756
::1 - - [09/Dec/2021:17:52:24 -0300] "GET /code/historico.php HTTP/1.1" 200 2755
::1 - - [09/Dec/2021:17:52:51 -0300] "GET /code/historico.php HTTP/1.1" 200 2774
::1 - - [09/Dec/2021:17:52:52 -0300] "GET /code/historico.php HTTP/1.1" 200 2774
::1 - - [09/Dec/2021:17:52:52 -0300] "GET /code/historico.php HTTP/1.1" 200 2774
::1 - - [09/Dec/2021:17:52:53 -0300] "GET /code/historico.php HTTP/1.1" 200 2774
::1 - - [09/Dec/2021:17:53:13 -0300] "GET /code/historico.php HTTP/1.1" 200 2791
::1 - - [09/Dec/2021:17:53:13 -0300] "GET /code/css/main.css HTTP/1.1" 304 -
::1 - - [09/Dec/2021:17:53:13 -0300] "GET /code/imagem/logo_estacioney50px.png HTTP/1.1" 304 -
::1 - - [09/Dec/2021:17:53:13 -0300] "GET /code/imagem/opcao-de-sair.png HTTP/1.1" 304 -
::1 - - [09/Dec/2021:17:53:15 -0300] "GET /code/historico.php HTTP/1.1" 200 2791
::1 - - [09/Dec/2021:17:53:16 -0300] "GET /code/historico.php HTTP/1.1" 200 2791
::1 - - [09/Dec/2021:17:53:16 -0300] "GET /code/historico.php HTTP/1.1" 200 2791
::1 - - [09/Dec/2021:17:53:16 -0300] "GET /code/historico.php HTTP/1.1" 200 2791
::1 - - [09/Dec/2021:17:53:31 -0300] "GET /code/historico.php HTTP/1.1" 200 2791
::1 - - [09/Dec/2021:17:53:31 -0300] "GET /code/historico.php HTTP/1.1" 200 2791
::1 - - [09/Dec/2021:17:53:32 -0300] "GET /code/historico.php HTTP/1.1" 200 2791
::1 - - [09/Dec/2021:17:53:36 -0300] "GET /code/historico.php HTTP/1.1" 200 2791
::1 - - [09/Dec/2021:17:53:36 -0300] "GET /code/historico.php HTTP/1.1" 200 2791
::1 - - [09/Dec/2021:17:53:37 -0300] "GET /code/historico.php HTTP/1.1" 200 2791
::1 - - [09/Dec/2021:17:54:20 -0300] "GET /code/historico.php HTTP/1.1" 200 2791
::1 - - [09/Dec/2021:17:54:31 -0300] "GET /code/historico.php HTTP/1.1" 200 2797
::1 - - [09/Dec/2021:17:54:51 -0300] "GET /code/historico.php HTTP/1.1" 200 2796
::1 - - [09/Dec/2021:17:55:11 -0300] "GET /code/historico.php HTTP/1.1" 200 2796
::1 - - [09/Dec/2021:17:55:11 -0300] "GET /code/css/main.css HTTP/1.1" 200 4225
::1 - - [09/Dec/2021:17:56:11 -0300] "-" 408 -
::1 - - [09/Dec/2021:17:59:36 -0300] "GET /code/historico.php HTTP/1.1" 200 2796
::1 - - [09/Dec/2021:17:59:36 -0300] "GET /code/css/main.css HTTP/1.1" 200 4249
::1 - - [09/Dec/2021:18:00:36 -0300] "-" 408 -
::1 - - [09/Dec/2021:18:01:02 -0300] "GET /code/home.php HTTP/1.1" 200 1440
::1 - - [09/Dec/2021:18:01:02 -0300] "GET /code/css/main.css HTTP/1.1" 304 -
::1 - - [09/Dec/2021:18:01:02 -0300] "GET /code/imagem/logo_estacioney50px.png HTTP/1.1" 304 -
::1 - - [09/Dec/2021:18:01:05 -0300] "GET /code/home.php HTTP/1.1" 200 1566
::1 - - [09/Dec/2021:18:01:06 -0300] "GET /code/home.php HTTP/1.1" 200 1566
::1 - - [09/Dec/2021:18:01:07 -0300] "GET /code/home.php HTTP/1.1" 200 1566
::1 - - [09/Dec/2021:18:01:32 -0300] "GET /code/home.php HTTP/1.1" 200 1622
::1 - - [09/Dec/2021:18:01:32 -0300] "GET /code/css/main.css HTTP/1.1" 304 -
::1 - - [09/Dec/2021:18:01:33 -0300] "GET /code/home.php HTTP/1.1" 200 1622
::1 - - [09/Dec/2021:18:01:33 -0300] "GET /code/home.php HTTP/1.1" 200 1622
::1 - - [09/Dec/2021:18:01:39 -0300] "GET /code/home.php HTTP/1.1" 200 1530
::1 - - [09/Dec/2021:18:01:51 -0300] "GET /code/home.php HTTP/1.1" 200 1530
::1 - - [09/Dec/2021:18:01:51 -0300] "GET /code/css/main.css HTTP/1.1" 200 4248
::1 - - [09/Dec/2021:18:02:46 -0300] "GET /code/home.php HTTP/1.1" 200 1540
::1 - - [09/Dec/2021:18:02:46 -0300] "GET /code/css/main.css HTTP/1.1" 304 -
::1 - - [09/Dec/2021:18:02:47 -0300] "GET /code/home.php HTTP/1.1" 200 1540
::1 - - [09/Dec/2021:18:02:47 -0300] "GET /code/home.php HTTP/1.1" 200 1540
::1 - - [09/Dec/2021:18:02:48 -0300] "GET /code/home.php HTTP/1.1" 200 1540
::1 - - [09/Dec/2021:18:02:48 -0300] "GET /code/home.php HTTP/1.1" 200 1540
::1 - - [09/Dec/2021:18:02:48 -0300] "GET /code/home.php HTTP/1.1" 200 1540
::1 - - [09/Dec/2021:18:02:49 -0300] "GET /code/home.php HTTP/1.1" 200 1540
::1 - - [09/Dec/2021:18:02:49 -0300] "GET /code/home.php HTTP/1.1" 200 1540
::1 - - [09/Dec/2021:18:03:03 -0300] "GET /code/home.php HTTP/1.1" 200 1583
::1 - - [09/Dec/2021:18:03:03 -0300] "GET /code/css/main.css HTTP/1.1" 304 -
::1 - - [09/Dec/2021:18:04:03 -0300] "-" 408 -
::1 - - [09/Dec/2021:18:04:07 -0300] "GET /code/home.php HTTP/1.1" 200 1685
::1 - - [09/Dec/2021:18:04:07 -0300] "GET /code/css/main.css HTTP/1.1" 304 -
::1 - - [09/Dec/2021:18:04:26 -0300] "GET /code/home.php HTTP/1.1" 200 1712
::1 - - [09/Dec/2021:18:04:26 -0300] "GET /code/css/main.css HTTP/1.1" 304 -
::1 - - [09/Dec/2021:18:04:31 -0300] "GET /code/home.php HTTP/1.1" 200 1712
::1 - - [09/Dec/2021:18:04:32 -0300] "GET /code/home.php HTTP/1.1" 200 1712
::1 - - [09/Dec/2021:18:04:32 -0300] "GET /code/home.php HTTP/1.1" 200 1712
::1 - - [09/Dec/2021:18:04:32 -0300] "GET /code/home.php HTTP/1.1" 200 1712
::1 - - [09/Dec/2021:18:05:01 -0300] "GET /code/login.php HTTP/1.1" 404 212
::1 - - [09/Dec/2021:18:05:03 -0300] "GET /code/login.php HTTP/1.1" 404 212
::1 - - [09/Dec/2021:18:05:05 -0300] "GET /code/home.php HTTP/1.1" 200 1710
::1 - - [09/Dec/2021:18:05:06 -0300] "GET /code/css/main.css HTTP/1.1" 304 -
::1 - - [09/Dec/2021:18:05:06 -0300] "GET /code/home.php HTTP/1.1" 200 1710
::1 - - [09/Dec/2021:18:05:06 -0300] "GET /code/home.php HTTP/1.1" 200 1710
::1 - - [09/Dec/2021:18:05:07 -0300] "GET /code/home.php HTTP/1.1" 200 1710
::1 - - [09/Dec/2021:18:05:07 -0300] "GET /code/home.php HTTP/1.1" 200 1710
::1 - - [09/Dec/2021:18:05:07 -0300] "GET /code/home.php HTTP/1.1" 200 1710
::1 - - [09/Dec/2021:18:05:33 -0300] "GET /code/home.php HTTP/1.1" 200 1750
::1 - - [09/Dec/2021:18:05:34 -0300] "GET /code/css/main.css HTTP/1.1" 304 -
::1 - - [09/Dec/2021:18:05:34 -0300] "GET /code/home.php HTTP/1.1" 200 1750
::1 - - [09/Dec/2021:18:06:19 -0300] "GET /code/home.php HTTP/1.1" 200 1742
::1 - - [09/Dec/2021:18:06:19 -0300] "GET /code/css/main.css HTTP/1.1" 304 -
::1 - - [09/Dec/2021:18:06:22 -0300] "GET /code/home.php HTTP/1.1" 200 1742
::1 - - [09/Dec/2021:18:06:23 -0300] "GET /code/home.php HTTP/1.1" 200 1742
::1 - - [09/Dec/2021:18:06:23 -0300] "GET /code/home.php HTTP/1.1" 200 1742
::1 - - [09/Dec/2021:18:06:42 -0300] "GET /code/home.php HTTP/1.1" 200 1742
::1 - - [09/Dec/2021:18:07:04 -0300] "GET /code/home.php HTTP/1.1" 200 1742
::1 - - [09/Dec/2021:18:07:04 -0300] "GET /code/css/main.css HTTP/1.1" 200 4222
::1 - - [09/Dec/2021:18:07:13 -0300] "GET /code/home.php HTTP/1.1" 200 1742
::1 - - [09/Dec/2021:18:07:13 -0300] "GET /code/css/main.css HTTP/1.1" 200 4197
::1 - - [09/Dec/2021:18:07:35 -0300] "GET /code/css/main.css HTTP/1.1" 304 -
::1 - - [09/Dec/2021:18:07:59 -0300] "GET /code/historico.php HTTP/1.1" 200 2736
::1 - - [09/Dec/2021:18:07:59 -0300] "GET /code/css/main.css HTTP/1.1" 304 -
::1 - - [09/Dec/2021:18:07:59 -0300] "GET /code/imagem/opcao-de-sair.png HTTP/1.1" 304 -
::1 - - [09/Dec/2021:18:08:59 -0300] "-" 408 -
::1 - - [09/Dec/2021:18:09:09 -0300] "GET /code/home.php HTTP/1.1" 200 1742
::1 - - [09/Dec/2021:18:09:09 -0300] "GET /code/css/main.css HTTP/1.1" 304 -
::1 - - [09/Dec/2021:18:09:58 -0300] "GET /code/home.php HTTP/1.1" 200 1940
::1 - - [09/Dec/2021:18:09:58 -0300] "GET /code/css/main.css HTTP/1.1" 304 -
::1 - - [09/Dec/2021:18:09:58 -0300] "GET /code/imagem/logo_estacioney50px.png HTTP/1.1" 304 -
::1 - - [09/Dec/2021:18:11:09 -0300] "GET /code/home.php HTTP/1.1" 200 1713
::1 - - [09/Dec/2021:18:11:09 -0300] "GET /code/css/main.css HTTP/1.1" 304 -
::1 - - [09/Dec/2021:18:11:30 -0300] "GET /code/home.php HTTP/1.1" 200 1713
::1 - - [09/Dec/2021:18:11:30 -0300] "GET /code/home.php HTTP/1.1" 200 1713
::1 - - [09/Dec/2021:18:11:46 -0300] "GET /code/home.php HTTP/1.1" 200 1716
::1 - - [09/Dec/2021:18:11:46 -0300] "GET /code/css/main.css HTTP/1.1" 200 4235
::1 - - [09/Dec/2021:18:11:47 -0300] "GET /code/home.php HTTP/1.1" 200 1716
::1 - - [09/Dec/2021:18:11:47 -0300] "GET /code/css/main.css HTTP/1.1" 304 -
::1 - - [09/Dec/2021:18:12:11 -0300] "GET /code/home.php HTTP/1.1" 200 1695
::1 - - [09/Dec/2021:18:12:11 -0300] "GET /code/css/main.css HTTP/1.1" 200 4199
::1 - - [09/Dec/2021:18:13:11 -0300] "-" 408 -
::1 - - [09/Dec/2021:18:14:36 -0300] "GET /code/home.php HTTP/1.1" 200 1695
::1 - - [09/Dec/2021:18:14:36 -0300] "GET /code/css/main.css HTTP/1.1" 304 -
::1 - - [09/Dec/2021:18:14:59 -0300] "GET /code/home.php HTTP/1.1" 200 1730
::1 - - [09/Dec/2021:18:14:59 -0300] "GET /code/css/main.css HTTP/1.1" 304 -
::1 - - [09/Dec/2021:18:15:20 -0300] "GET /code/home.php HTTP/1.1" 200 1714
::1 - - [09/Dec/2021:18:15:20 -0300] "GET /code/css/main.css HTTP/1.1" 304 -
::1 - - [09/Dec/2021:18:15:48 -0300] "GET /code/home.php HTTP/1.1" 200 1743
::1 - - [09/Dec/2021:18:15:48 -0300] "GET /code/css/main.css HTTP/1.1" 304 -
::1 - - [09/Dec/2021:18:16:16 -0300] "GET /code/home.php HTTP/1.1" 200 1742
::1 - - [09/Dec/2021:18:16:16 -0300] "GET /code/css/main.css HTTP/1.1" 200 4198
::1 - - [09/Dec/2021:18:16:29 -0300] "GET /code/home.php HTTP/1.1" 200 1742
::1 - - [09/Dec/2021:18:16:29 -0300] "GET /code/css/main.css HTTP/1.1" 200 4218
::1 - - [09/Dec/2021:18:16:30 -0300] "GET /code/home.php HTTP/1.1" 200 1742
::1 - - [09/Dec/2021:18:16:30 -0300] "GET /code/css/main.css HTTP/1.1" 304 -
::1 - - [09/Dec/2021:18:16:47 -0300] "GET /code/home.php HTTP/1.1" 200 1742
::1 - - [09/Dec/2021:18:16:47 -0300] "GET /code/css/main.css HTTP/1.1" 200 4220
::1 - - [09/Dec/2021:18:16:53 -0300] "GET /code/home.php HTTP/1.1" 200 1742
::1 - - [09/Dec/2021:18:16:53 -0300] "GET /code/css/main.css HTTP/1.1" 200 4198
::1 - - [09/Dec/2021:18:17:53 -0300] "-" 408 -
::1 - - [09/Dec/2021:18:18:12 -0300] "GET /code/home.php HTTP/1.1" 200 1758
::1 - - [09/Dec/2021:18:18:12 -0300] "GET /code/css/main.css HTTP/1.1" 200 4222
::1 - - [09/Dec/2021:18:18:26 -0300] "GET /code/home.php HTTP/1.1" 200 1758
::1 - - [09/Dec/2021:18:18:26 -0300] "GET /code/css/main.css HTTP/1.1" 200 4225
::1 - - [09/Dec/2021:18:18:41 -0300] "GET /code/home.php HTTP/1.1" 200 1758
::1 - - [09/Dec/2021:18:18:41 -0300] "GET /code/css/main.css HTTP/1.1" 200 4230
::1 - - [09/Dec/2021:18:19:11 -0300] "GET /code/home.php HTTP/1.1" 200 1758
::1 - - [09/Dec/2021:18:19:11 -0300] "GET /code/imagem/logo_estacioney50px.png HTTP/1.1" 304 -
::1 - - [09/Dec/2021:18:19:11 -0300] "GET /code/css/main.css HTTP/1.1" 200 4253
::1 - - [09/Dec/2021:18:19:16 -0300] "GET /code/home.php HTTP/1.1" 200 1758
::1 - - [09/Dec/2021:18:19:17 -0300] "GET /code/css/main.css HTTP/1.1" 200 4230
::1 - - [09/Dec/2021:18:19:59 -0300] "GET /code/home.php HTTP/1.1" 200 1775
::1 - - [09/Dec/2021:18:19:59 -0300] "GET /code/css/main.css HTTP/1.1" 200 4234
::1 - - [09/Dec/2021:18:20:08 -0300] "GET /code/home.php HTTP/1.1" 200 1775
::1 - - [09/Dec/2021:18:20:08 -0300] "GET /code/css/main.css HTTP/1.1" 200 4234
::1 - - [09/Dec/2021:18:20:08 -0300] "GET /code/home.php HTTP/1.1" 200 1775
::1 - - [09/Dec/2021:18:20:08 -0300] "GET /code/css/main.css HTTP/1.1" 304 -
::1 - - [09/Dec/2021:18:20:08 -0300] "GET /code/home.php HTTP/1.1" 200 1775
::1 - - [09/Dec/2021:18:20:08 -0300] "GET /code/css/main.css HTTP/1.1" 304 -
::1 - - [09/Dec/2021:18:20:13 -0300] "GET /code/home.php HTTP/1.1" 200 1775
::1 - - [09/Dec/2021:18:20:13 -0300] "GET /code/css/main.css HTTP/1.1" 200 4234
::1 - - [09/Dec/2021:18:20:13 -0300] "GET /code/home.php HTTP/1.1" 200 1775
::1 - - [09/Dec/2021:18:20:13 -0300] "GET /code/css/main.css HTTP/1.1" 304 -
::1 - - [09/Dec/2021:18:20:13 -0300] "GET /code/home.php HTTP/1.1" 200 1775
::1 - - [09/Dec/2021:18:20:13 -0300] "GET /code/css/main.css HTTP/1.1" 304 -
::1 - - [09/Dec/2021:18:20:14 -0300] "GET /code/home.php HTTP/1.1" 200 1775
::1 - - [09/Dec/2021:18:20:14 -0300] "GET /code/css/main.css HTTP/1.1" 304 -
::1 - - [09/Dec/2021:18:20:21 -0300] "GET /code/home.php HTTP/1.1" 200 1775
::1 - - [09/Dec/2021:18:20:21 -0300] "GET /code/css/main.css HTTP/1.1" 200 4234
::1 - - [09/Dec/2021:18:20:22 -0300] "GET /code/home.php HTTP/1.1" 200 1775
::1 - - [09/Dec/2021:18:20:22 -0300] "GET /code/css/main.css HTTP/1.1" 304 -
::1 - - [09/Dec/2021:18:20:22 -0300] "GET /code/home.php HTTP/1.1" 200 1775
::1 - - [09/Dec/2021:18:20:22 -0300] "GET /code/css/main.css HTTP/1.1" 304 -
::1 - - [09/Dec/2021:18:20:22 -0300] "GET /code/home.php HTTP/1.1" 200 1775
::1 - - [09/Dec/2021:18:20:22 -0300] "GET /code/css/main.css HTTP/1.1" 304 -
::1 - - [09/Dec/2021:18:21:21 -0300] "-" 408 -
::1 - - [09/Dec/2021:18:22:45 -0300] "GET /code/home.php HTTP/1.1" 200 1758
::1 - - [09/Dec/2021:18:22:45 -0300] "GET /code/css/main.css HTTP/1.1" 304 -
::1 - - [09/Dec/2021:18:23:11 -0300] "GET /code/home.php HTTP/1.1" 200 1758
::1 - - [09/Dec/2021:18:23:11 -0300] "GET /code/css/main.css HTTP/1.1" 200 4223
::1 - - [09/Dec/2021:18:24:11 -0300] "-" 408 -
::1 - - [09/Dec/2021:18:24:33 -0300] "GET /code/home.php HTTP/1.1" 200 1758
::1 - - [09/Dec/2021:18:24:33 -0300] "GET /code/css/main.css HTTP/1.1" 200 4262
::1 - - [09/Dec/2021:18:24:39 -0300] "GET /code/home.php HTTP/1.1" 200 1758
::1 - - [09/Dec/2021:18:24:39 -0300] "GET /code/css/main.css HTTP/1.1" 304 -
::1 - - [09/Dec/2021:18:24:42 -0300] "GET /code/home.php HTTP/1.1" 200 1774
::1 - - [09/Dec/2021:18:24:42 -0300] "GET /code/css/main.css HTTP/1.1" 200 4262
::1 - - [09/Dec/2021:18:25:13 -0300] "GET /code/home.php HTTP/1.1" 200 1774
::1 - - [09/Dec/2021:18:25:13 -0300] "GET /code/css/main.css HTTP/1.1" 200 4239
::1 - - [09/Dec/2021:18:26:07 -0300] "GET /code/home.php HTTP/1.1" 200 1774
::1 - - [09/Dec/2021:18:26:07 -0300] "GET /code/css/main.css HTTP/1.1" 304 -
::1 - - [09/Dec/2021:18:26:40 -0300] "GET /code/home.php HTTP/1.1" 200 1774
::1 - - [09/Dec/2021:18:26:40 -0300] "GET /code/css/main.css HTTP/1.1" 200 4255
::1 - - [09/Dec/2021:18:27:40 -0300] "-" 408 -
::1 - - [09/Dec/2021:18:27:50 -0300] "GET /code/home.php HTTP/1.1" 200 1774
::1 - - [09/Dec/2021:18:27:50 -0300] "GET /code/css/main.css HTTP/1.1" 304 -
::1 - - [09/Dec/2021:18:28:50 -0300] "-" 408 -
::1 - - [09/Dec/2021:18:28:55 -0300] "GET /code/home.php HTTP/1.1" 200 1862
::1 - - [09/Dec/2021:18:28:55 -0300] "GET /code/css/main.css HTTP/1.1" 304 -
::1 - - [09/Dec/2021:18:29:55 -0300] "-" 408 -
::1 - - [09/Dec/2021:18:31:49 -0300] "GET /code/home.php HTTP/1.1" 200 2135
::1 - - [09/Dec/2021:18:31:50 -0300] "GET /code/css/main.css HTTP/1.1" 304 -
::1 - - [09/Dec/2021:18:31:50 -0300] "GET /code/imagem/logo_estacioney50px.png HTTP/1.1" 304 -
::1 - - [09/Dec/2021:18:31:50 -0300] "GET /code/home.php HTTP/1.1" 200 2135
::1 - - [09/Dec/2021:18:31:51 -0300] "GET /code/home.php HTTP/1.1" 200 2135
::1 - - [09/Dec/2021:18:32:05 -0300] "GET /code/home.php HTTP/1.1" 200 2135
::1 - - [09/Dec/2021:18:32:40 -0300] "GET /code/home.php HTTP/1.1" 200 2204
::1 - - [09/Dec/2021:18:32:40 -0300] "GET /code/css/main.css HTTP/1.1" 304 -
::1 - - [09/Dec/2021:18:32:43 -0300] "GET /code/home.php HTTP/1.1" 200 2204
::1 - - [09/Dec/2021:18:32:43 -0300] "GET /code/home.php HTTP/1.1" 200 2204
::1 - - [09/Dec/2021:18:32:43 -0300] "GET /code/home.php HTTP/1.1" 200 2204
::1 - - [09/Dec/2021:18:33:17 -0300] "GET /code/home.php HTTP/1.1" 200 2327
::1 - - [09/Dec/2021:18:33:17 -0300] "GET /code/css/main.css HTTP/1.1" 304 -
::1 - - [09/Dec/2021:18:33:18 -0300] "GET /code/home.php HTTP/1.1" 200 2327
::1 - - [09/Dec/2021:18:33:19 -0300] "GET /code/home.php HTTP/1.1" 200 2327
::1 - - [09/Dec/2021:18:33:19 -0300] "GET /code/home.php HTTP/1.1" 200 2327
::1 - - [09/Dec/2021:18:33:41 -0300] "GET /code/home.php HTTP/1.1" 200 2327
::1 - - [09/Dec/2021:18:33:41 -0300] "GET /code/home.php HTTP/1.1" 200 2327
::1 - - [09/Dec/2021:18:33:42 -0300] "GET /code/home.php HTTP/1.1" 200 2327
::1 - - [09/Dec/2021:18:33:42 -0300] "GET /code/home.php HTTP/1.1" 200 2327
::1 - - [09/Dec/2021:18:34:41 -0300] "-" 408 -
::1 - - [09/Dec/2021:18:34:45 -0300] "GET /code/home.php HTTP/1.1" 200 2327
::1 - - [09/Dec/2021:18:34:45 -0300] "GET /code/css/main.css HTTP/1.1" 200 4301
::1 - - [09/Dec/2021:18:34:59 -0300] "GET /code/home.php HTTP/1.1" 200 2327
::1 - - [09/Dec/2021:18:34:59 -0300] "GET /code/css/main.css HTTP/1.1" 200 4348
::1 - - [09/Dec/2021:18:35:19 -0300] "GET /code/home.php HTTP/1.1" 200 2327
::1 - - [09/Dec/2021:18:35:19 -0300] "GET /code/css/main.css HTTP/1.1" 200 4371
::1 - - [09/Dec/2021:18:35:20 -0300] "GET /code/home.php HTTP/1.1" 200 2327
::1 - - [09/Dec/2021:18:35:20 -0300] "GET /code/css/main.css HTTP/1.1" 304 -
::1 - - [09/Dec/2021:18:35:25 -0300] "GET /code/home.php HTTP/1.1" 200 2327
::1 - - [09/Dec/2021:18:35:25 -0300] "GET /code/css/main.css HTTP/1.1" 200 4372
::1 - - [09/Dec/2021:18:35:47 -0300] "GET /code/home.php HTTP/1.1" 200 2364
::1 - - [09/Dec/2021:18:35:47 -0300] "GET /code/css/main.css HTTP/1.1" 304 -
::1 - - [09/Dec/2021:18:36:34 -0300] "GET /code/home.php HTTP/1.1" 200 2364
::1 - - [09/Dec/2021:18:36:34 -0300] "GET /code/css/main.css HTTP/1.1" 200 4466
::1 - - [09/Dec/2021:18:36:41 -0300] "GET /code/home.php HTTP/1.1" 200 2364
::1 - - [09/Dec/2021:18:36:41 -0300] "GET /code/css/main.css HTTP/1.1" 200 4490
::1 - - [09/Dec/2021:18:37:41 -0300] "-" 408 -
::1 - - [09/Dec/2021:18:38:07 -0300] "GET /code/home.php HTTP/1.1" 200 2381
::1 - - [09/Dec/2021:18:38:07 -0300] "GET /code/css/main.css HTTP/1.1" 304 -
::1 - - [09/Dec/2021:18:38:08 -0300] "GET /code/home.php HTTP/1.1" 200 2381
::1 - - [09/Dec/2021:18:39:07 -0300] "-" 408 -
::1 - - [09/Dec/2021:18:39:28 -0300] "GET /code/home.php HTTP/1.1" 200 2400
::1 - - [09/Dec/2021:18:39:28 -0300] "GET /code/css/main.css HTTP/1.1" 304 -
::1 - - [09/Dec/2021:18:40:28 -0300] "-" 408 -
::1 - - [09/Dec/2021:18:41:04 -0300] "GET /code/home.php HTTP/1.1" 200 2400
::1 - - [09/Dec/2021:18:41:04 -0300] "GET /code/css/main.css HTTP/1.1" 200 4512
::1 - - [09/Dec/2021:18:41:05 -0300] "GET /code/home.php HTTP/1.1" 200 2400
::1 - - [09/Dec/2021:18:41:05 -0300] "GET /code/css/main.css HTTP/1.1" 304 -
::1 - - [09/Dec/2021:18:41:11 -0300] "GET /code/home.php HTTP/1.1" 200 2400
::1 - - [09/Dec/2021:18:41:11 -0300] "GET /code/css/main.css HTTP/1.1" 200 4511
::1 - - [09/Dec/2021:18:41:16 -0300] "GET /code/home.php HTTP/1.1" 200 2400
::1 - - [09/Dec/2021:18:41:16 -0300] "GET /code/css/main.css HTTP/1.1" 200 4511
::1 - - [09/Dec/2021:18:41:31 -0300] "GET /code/home.php HTTP/1.1" 200 2400
::1 - - [09/Dec/2021:18:41:31 -0300] "GET /code/css/main.css HTTP/1.1" 200 4512
::1 - - [09/Dec/2021:18:41:32 -0300] "GET /code/home.php HTTP/1.1" 200 2400
::1 - - [09/Dec/2021:18:41:32 -0300] "GET /code/css/main.css HTTP/1.1" 304 -
::1 - - [09/Dec/2021:18:41:45 -0300] "GET /code/home.php HTTP/1.1" 200 2400
::1 - - [09/Dec/2021:18:41:45 -0300] "GET /code/css/main.css HTTP/1.1" 200 4512
::1 - - [09/Dec/2021:18:42:18 -0300] "GET /code/home.php HTTP/1.1" 200 2400
::1 - - [09/Dec/2021:18:42:18 -0300] "GET /code/css/main.css HTTP/1.1" 200 4534
::1 - - [09/Dec/2021:18:42:34 -0300] "GET /code/home.php HTTP/1.1" 200 2400
::1 - - [09/Dec/2021:18:42:34 -0300] "GET /code/css/main.css HTTP/1.1" 200 4580
::1 - - [09/Dec/2021:18:42:48 -0300] "GET /code/home.php HTTP/1.1" 200 2400
::1 - - [09/Dec/2021:18:42:48 -0300] "GET /code/css/main.css HTTP/1.1" 200 4604
::1 - - [09/Dec/2021:18:43:39 -0300] "GET /code/home.php HTTP/1.1" 200 2400
::1 - - [09/Dec/2021:18:43:39 -0300] "GET /code/imagem/logo_estacioney50px.png HTTP/1.1" 304 -
::1 - - [09/Dec/2021:18:43:39 -0300] "GET /code/css/main.css HTTP/1.1" 200 4626
::1 - - [09/Dec/2021:18:43:50 -0300] "GET /code/home.php HTTP/1.1" 200 2400
::1 - - [09/Dec/2021:18:43:50 -0300] "GET /code/css/main.css HTTP/1.1" 200 4650
::1 - - [09/Dec/2021:18:44:03 -0300] "GET /code/home.php HTTP/1.1" 200 2400
::1 - - [09/Dec/2021:18:44:03 -0300] "GET /code/css/main.css HTTP/1.1" 200 4648
::1 - - [09/Dec/2021:18:44:19 -0300] "GET /code/home.php HTTP/1.1" 200 2400
::1 - - [09/Dec/2021:18:44:19 -0300] "GET /code/css/main.css HTTP/1.1" 200 4673
::1 - - [09/Dec/2021:18:44:19 -0300] "GET /code/home.php HTTP/1.1" 200 2400
::1 - - [09/Dec/2021:18:44:19 -0300] "GET /code/css/main.css HTTP/1.1" 304 -
::1 - - [09/Dec/2021:18:44:20 -0300] "GET /code/home.php HTTP/1.1" 200 2400
::1 - - [09/Dec/2021:18:44:20 -0300] "GET /code/css/main.css HTTP/1.1" 304 -
::1 - - [09/Dec/2021:18:44:20 -0300] "GET /code/home.php HTTP/1.1" 200 2400
::1 - - [09/Dec/2021:18:44:20 -0300] "GET /code/css/main.css HTTP/1.1" 304 -
::1 - - [09/Dec/2021:18:44:33 -0300] "GET /code/home.php HTTP/1.1" 200 2400
::1 - - [09/Dec/2021:18:44:33 -0300] "GET /code/css/main.css HTTP/1.1" 200 4674
::1 - - [09/Dec/2021:18:44:34 -0300] "GET /code/home.php HTTP/1.1" 200 2400
::1 - - [09/Dec/2021:18:44:34 -0300] "GET /code/css/main.css HTTP/1.1" 304 -
::1 - - [09/Dec/2021:18:44:34 -0300] "GET /code/home.php HTTP/1.1" 200 2400
::1 - - [09/Dec/2021:18:44:34 -0300] "GET /code/css/main.css HTTP/1.1" 304 -
::1 - - [09/Dec/2021:18:44:59 -0300] "GET /code/home.php HTTP/1.1" 200 2400
::1 - - [09/Dec/2021:18:44:59 -0300] "GET /code/css/main.css HTTP/1.1" 200 4672
::1 - - [09/Dec/2021:18:45:08 -0300] "GET /code/home.php HTTP/1.1" 200 2400
::1 - - [09/Dec/2021:18:45:08 -0300] "GET /code/css/main.css HTTP/1.1" 200 4673
::1 - - [09/Dec/2021:18:45:09 -0300] "GET /code/home.php HTTP/1.1" 200 2400
::1 - - [09/Dec/2021:18:45:09 -0300] "GET /code/css/main.css HTTP/1.1" 304 -
::1 - - [09/Dec/2021:18:45:17 -0300] "GET /code/home.php HTTP/1.1" 200 2400
::1 - - [09/Dec/2021:18:45:18 -0300] "GET /code/css/main.css HTTP/1.1" 200 4648
::1 - - [09/Dec/2021:18:46:18 -0300] "-" 408 -
::1 - - [09/Dec/2021:18:46:52 -0300] "GET /code/home.php HTTP/1.1" 200 2400
::1 - - [09/Dec/2021:18:46:52 -0300] "GET /code/css/main.css HTTP/1.1" 200 4673
::1 - - [09/Dec/2021:18:46:53 -0300] "GET /code/home.php HTTP/1.1" 200 2400
::1 - - [09/Dec/2021:18:46:53 -0300] "GET /code/css/main.css HTTP/1.1" 304 -
::1 - - [09/Dec/2021:18:46:53 -0300] "GET /code/home.php HTTP/1.1" 200 2400
::1 - - [09/Dec/2021:18:46:53 -0300] "GET /code/css/main.css HTTP/1.1" 304 -
::1 - - [09/Dec/2021:18:46:53 -0300] "GET /code/home.php HTTP/1.1" 200 2400
::1 - - [09/Dec/2021:18:46:53 -0300] "GET /code/css/main.css HTTP/1.1" 304 -
::1 - - [09/Dec/2021:18:47:12 -0300] "GET /code/home.php HTTP/1.1" 200 2400
::1 - - [09/Dec/2021:18:47:12 -0300] "GET /code/css/main.css HTTP/1.1" 200 4688
::1 - - [09/Dec/2021:18:47:13 -0300] "GET /code/home.php HTTP/1.1" 200 2400
::1 - - [09/Dec/2021:18:47:13 -0300] "GET /code/css/main.css HTTP/1.1" 304 -
::1 - - [09/Dec/2021:18:47:18 -0300] "GET /code/home.php HTTP/1.1" 200 2400
::1 - - [09/Dec/2021:18:47:18 -0300] "GET /code/css/main.css HTTP/1.1" 200 4648
::1 - - [09/Dec/2021:18:47:23 -0300] "GET /code/home.php HTTP/1.1" 200 2400
::1 - - [09/Dec/2021:18:47:23 -0300] "GET /code/css/main.css HTTP/1.1" 200 4626
::1 - - [09/Dec/2021:18:48:20 -0300] "GET /code/home.php HTTP/1.1" 200 2400
::1 - - [09/Dec/2021:18:48:20 -0300] "GET /code/css/main.css HTTP/1.1" 200 4651
::1 - - [09/Dec/2021:18:48:20 -0300] "GET /code/home.php HTTP/1.1" 200 2400
::1 - - [09/Dec/2021:18:48:20 -0300] "GET /code/css/main.css HTTP/1.1" 304 -
::1 - - [09/Dec/2021:18:48:23 -0300] "GET /code/home.php HTTP/1.1" 200 2400
::1 - - [09/Dec/2021:18:48:23 -0300] "GET /code/css/main.css HTTP/1.1" 200 4651
::1 - - [09/Dec/2021:18:48:23 -0300] "GET /code/home.php HTTP/1.1" 200 2400
::1 - - [09/Dec/2021:18:48:23 -0300] "GET /code/css/main.css HTTP/1.1" 304 -
::1 - - [09/Dec/2021:18:48:38 -0300] "GET /code/home.php HTTP/1.1" 200 2400
::1 - - [09/Dec/2021:18:48:38 -0300] "GET /code/css/main.css HTTP/1.1" 200 4698
::1 - - [09/Dec/2021:18:49:01 -0300] "GET /code/home.php HTTP/1.1" 200 2400
::1 - - [09/Dec/2021:18:49:01 -0300] "GET /code/css/main.css HTTP/1.1" 200 4604
::1 - - [09/Dec/2021:18:50:01 -0300] "-" 408 -
::1 - - [09/Dec/2021:18:50:59 -0300] "GET /code/home.php HTTP/1.1" 200 2434
::1 - - [09/Dec/2021:18:50:59 -0300] "GET /code/css/main.css HTTP/1.1" 304 -
::1 - - [09/Dec/2021:18:51:54 -0300] "GET /code/home.php HTTP/1.1" 200 2451
::1 - - [09/Dec/2021:18:51:54 -0300] "GET /code/css/main.css HTTP/1.1" 200 4664
::1 - - [09/Dec/2021:18:52:01 -0300] "GET /code/home.php HTTP/1.1" 200 2451
::1 - - [09/Dec/2021:18:52:01 -0300] "GET /code/css/main.css HTTP/1.1" 200 4664
::1 - - [09/Dec/2021:18:52:15 -0300] "GET /code/home.php HTTP/1.1" 200 2451
::1 - - [09/Dec/2021:18:52:15 -0300] "GET /code/css/main.css HTTP/1.1" 200 4664
::1 - - [09/Dec/2021:18:53:15 -0300] "-" 408 -
::1 - - [09/Dec/2021:18:53:28 -0300] "GET /code/home.php HTTP/1.1" 200 2369
::1 - - [09/Dec/2021:18:53:28 -0300] "GET /code/css/main.css HTTP/1.1" 304 -
::1 - - [09/Dec/2021:18:53:40 -0300] "GET /code/home.php HTTP/1.1" 200 2400
::1 - - [09/Dec/2021:18:53:41 -0300] "GET /code/css/main.css HTTP/1.1" 304 -
::1 - - [09/Dec/2021:18:54:07 -0300] "GET /code/home.php HTTP/1.1" 200 2378
::1 - - [09/Dec/2021:18:54:07 -0300] "GET /code/css/main.css HTTP/1.1" 304 -
::1 - - [09/Dec/2021:18:54:27 -0300] "GET /code/home.php HTTP/1.1" 200 2378
::1 - - [09/Dec/2021:18:54:27 -0300] "GET /code/css/main.css HTTP/1.1" 200 4664
::1 - - [09/Dec/2021:18:54:35 -0300] "GET /code/home.php HTTP/1.1" 200 2378
::1 - - [09/Dec/2021:18:54:35 -0300] "GET /code/css/main.css HTTP/1.1" 200 4664
::1 - - [09/Dec/2021:18:55:01 -0300] "GET /code/home.php HTTP/1.1" 200 2378
::1 - - [09/Dec/2021:18:55:01 -0300] "GET /code/css/main.css HTTP/1.1" 200 4640
::1 - - [09/Dec/2021:18:55:02 -0300] "GET /code/home.php HTTP/1.1" 200 2378
::1 - - [09/Dec/2021:18:55:02 -0300] "GET /code/css/main.css HTTP/1.1" 304 -
::1 - - [09/Dec/2021:18:55:09 -0300] "GET /code/home.php HTTP/1.1" 200 2378
::1 - - [09/Dec/2021:18:55:09 -0300] "GET /code/css/main.css HTTP/1.1" 200 4641
::1 - - [09/Dec/2021:18:55:31 -0300] "GET /code/home.php HTTP/1.1" 200 2378
::1 - - [09/Dec/2021:18:55:31 -0300] "GET /code/css/main.css HTTP/1.1" 200 4642
::1 - - [09/Dec/2021:18:55:41 -0300] "GET /code/css/main.css HTTP/1.1" 304 -
::1 - - [09/Dec/2021:18:56:05 -0300] "GET /code/home.php HTTP/1.1" 200 2395
::1 - - [09/Dec/2021:18:56:05 -0300] "GET /code/css/main.css HTTP/1.1" 304 -
::1 - - [09/Dec/2021:18:56:13 -0300] "GET /code/home.php HTTP/1.1" 200 2400
::1 - - [09/Dec/2021:18:56:13 -0300] "GET /code/css/main.css HTTP/1.1" 304 -
::1 - - [09/Dec/2021:18:56:13 -0300] "GET /code/imagem/logo_estacioney50px.png HTTP/1.1" 304 -
::1 - - [09/Dec/2021:18:58:00 -0300] "GET /code/home.php HTTP/1.1" 200 2445
::1 - - [09/Dec/2021:18:58:00 -0300] "GET /code/css/main.css HTTP/1.1" 304 -
::1 - - [09/Dec/2021:18:59:00 -0300] "-" 408 -
::1 - - [09/Dec/2021:19:04:38 -0300] "GET /code/home.php HTTP/1.1" 200 2663
::1 - - [09/Dec/2021:19:04:38 -0300] "GET /code/css/main.css HTTP/1.1" 304 -
::1 - - [09/Dec/2021:19:04:38 -0300] "GET /code/opcao-de-sair.png HTTP/1.1" 404 220
::1 - - [09/Dec/2021:19:04:39 -0300] "GET /code/home.php HTTP/1.1" 200 2663
::1 - - [09/Dec/2021:19:04:39 -0300] "GET /code/opcao-de-sair.png HTTP/1.1" 404 220
::1 - - [09/Dec/2021:19:05:33 -0300] "GET /code/home.php HTTP/1.1" 200 2670
::1 - - [09/Dec/2021:19:05:33 -0300] "GET /code/css/main.css HTTP/1.1" 304 -
::1 - - [09/Dec/2021:19:05:33 -0300] "GET /code/imagem/opcao-de-sair.png HTTP/1.1" 304 -
::1 - - [09/Dec/2021:19:05:34 -0300] "GET /code/home.php HTTP/1.1" 200 2670
::1 - - [09/Dec/2021:19:05:34 -0300] "GET /code/home.php HTTP/1.1" 200 2670
::1 - - [09/Dec/2021:19:06:33 -0300] "-" 408 -
::1 - - [09/Dec/2021:19:06:45 -0300] "GET /code/home.php HTTP/1.1" 200 2666
::1 - - [09/Dec/2021:19:06:45 -0300] "GET /code/css/main.css HTTP/1.1" 304 -
::1 - - [09/Dec/2021:19:06:45 -0300] "GET /code/home.php HTTP/1.1" 200 2666
::1 - - [09/Dec/2021:19:07:45 -0300] "-" 408 -
::1 - - [09/Dec/2021:19:08:09 -0300] "GET /code/home.php HTTP/1.1" 200 2683
::1 - - [09/Dec/2021:19:08:09 -0300] "GET /code/css/main.css HTTP/1.1" 304 -
::1 - - [09/Dec/2021:19:08:09 -0300] "GET /code/home.php HTTP/1.1" 200 2683
::1 - - [09/Dec/2021:19:08:09 -0300] "GET /code/home.php HTTP/1.1" 200 2683
::1 - - [09/Dec/2021:19:08:23 -0300] "GET /code/home.php HTTP/1.1" 200 2666
::1 - - [09/Dec/2021:19:08:23 -0300] "GET /code/home.php HTTP/1.1" 200 2666
::1 - - [09/Dec/2021:19:08:24 -0300] "GET /code/home.php HTTP/1.1" 200 2666
::1 - - [09/Dec/2021:19:09:23 -0300] "-" 408 -
::1 - - [09/Dec/2021:19:09:44 -0300] "GET /code/home.php HTTP/1.1" 200 2604
::1 - - [09/Dec/2021:19:09:44 -0300] "GET /code/css/main.css HTTP/1.1" 304 -
::1 - - [09/Dec/2021:19:10:44 -0300] "-" 408 -
::1 - - [09/Dec/2021:19:36:52 -0300] "GET /code/home.php HTTP/1.1" 200 2604
::1 - - [09/Dec/2021:19:36:52 -0300] "GET /code/imagem/logo_estacioney50px.png HTTP/1.1" 304 -
::1 - - [09/Dec/2021:19:36:52 -0300] "GET /code/css/main.css HTTP/1.1" 200 4636
::1 - - [09/Dec/2021:19:37:05 -0300] "GET /code/home.php HTTP/1.1" 200 2736
::1 - - [09/Dec/2021:19:37:05 -0300] "GET /code/imagem/opcao-de-sair.png HTTP/1.1" 304 -
::1 - - [09/Dec/2021:19:37:56 -0300] "GET /code/home.php HTTP/1.1" 200 2742
::1 - - [09/Dec/2021:19:38:35 -0300] "GET /code/home.php HTTP/1.1" 200 2790
::1 - - [09/Dec/2021:19:38:59 -0300] "GET /code/home.php HTTP/1.1" 200 2790
::1 - - [09/Dec/2021:19:39:03 -0300] "GET /code/home.php HTTP/1.1" 200 2790
::1 - - [09/Dec/2021:19:39:04 -0300] "GET /code/home.php HTTP/1.1" 200 2790
::1 - - [09/Dec/2021:19:39:04 -0300] "GET /code/home.php HTTP/1.1" 200 2790
::1 - - [09/Dec/2021:19:39:11 -0300] "GET /code/home.php HTTP/1.1" 200 2790
::1 - - [09/Dec/2021:19:39:34 -0300] "GET /code/home.php HTTP/1.1" 200 2790
::1 - - [09/Dec/2021:19:39:34 -0300] "GET /code/css/main.css HTTP/1.1" 200 4677
::1 - - [09/Dec/2021:19:39:34 -0300] "GET /code/home.php HTTP/1.1" 200 2790
::1 - - [09/Dec/2021:19:39:35 -0300] "GET /code/css/main.css HTTP/1.1" 304 -
::1 - - [09/Dec/2021:19:40:34 -0300] "-" 408 -
::1 - - [09/Dec/2021:19:46:06 -0300] "GET /code/veiculo.php HTTP/1.1" 200 1175
::1 - - [09/Dec/2021:19:46:06 -0300] "GET /code/css/main.css HTTP/1.1" 304 -
::1 - - [09/Dec/2021:19:46:21 -0300] "GET /code/tela_empresa.php HTTP/1.1" 404 219
::1 - - [09/Dec/2021:19:46:23 -0300] "GET /code/home.php HTTP/1.1" 200 2790
::1 - - [09/Dec/2021:19:46:24 -0300] "GET /code/tela_estacionamento.php HTTP/1.1" 404 226
::1 - - [09/Dec/2021:19:47:21 -0300] "-" 408 -
::1 - - [09/Dec/2021:19:48:15 -0300] "GET /code/veiculo.php HTTP/1.1" 200 1515
::1 - - [09/Dec/2021:19:48:15 -0300] "GET /code/css/main.css HTTP/1.1" 304 -
::1 - - [09/Dec/2021:19:48:16 -0300] "GET /code/veiculo.php HTTP/1.1" 200 1515
::1 - - [09/Dec/2021:19:48:32 -0300] "GET /code/veiculo.php HTTP/1.1" 200 1521
::1 - - [09/Dec/2021:19:48:33 -0300] "GET /code/veiculo.php HTTP/1.1" 200 1521
::1 - - [09/Dec/2021:19:49:05 -0300] "GET /code/veiculo.php HTTP/1.1" 200 1535
::1 - - [09/Dec/2021:19:49:06 -0300] "GET /code/veiculo.php HTTP/1.1" 200 1535
::1 - - [09/Dec/2021:19:49:10 -0300] "GET /code/veiculo.php HTTP/1.1" 200 1535
::1 - - [09/Dec/2021:19:49:10 -0300] "GET /code/css/main.css HTTP/1.1" 200 4715
::1 - - [09/Dec/2021:19:49:11 -0300] "GET /code/veiculo.php HTTP/1.1" 200 1535
::1 - - [09/Dec/2021:19:49:11 -0300] "GET /code/css/main.css HTTP/1.1" 304 -
::1 - - [09/Dec/2021:19:49:22 -0300] "GET /code/css/main.css HTTP/1.1" 304 -
::1 - - [09/Dec/2021:19:50:50 -0300] "GET /code/veiculo.php HTTP/1.1" 200 1641
::1 - - [09/Dec/2021:19:50:50 -0300] "GET /code/css/main.css HTTP/1.1" 200 4752
::1 - - [09/Dec/2021:19:50:50 -0300] "GET /code/veiculo.php HTTP/1.1" 200 1641
::1 - - [09/Dec/2021:19:50:50 -0300] "GET /code/css/main.css HTTP/1.1" 304 -
::1 - - [09/Dec/2021:19:50:51 -0300] "GET /code/veiculo.php HTTP/1.1" 200 1641
::1 - - [09/Dec/2021:19:50:51 -0300] "GET /code/css/main.css HTTP/1.1" 304 -
::1 - - [09/Dec/2021:19:50:52 -0300] "GET /code/veiculo.php HTTP/1.1" 200 1641
::1 - - [09/Dec/2021:19:50:52 -0300] "GET /code/css/main.css HTTP/1.1" 304 -
::1 - - [09/Dec/2021:19:50:53 -0300] "GET /code/veiculo.php HTTP/1.1" 200 1641
::1 - - [09/Dec/2021:19:50:53 -0300] "GET /code/css/main.css HTTP/1.1" 304 -
::1 - - [09/Dec/2021:19:51:14 -0300] "GET /code/veiculo.php HTTP/1.1" 200 1690
::1 - - [09/Dec/2021:19:51:15 -0300] "GET /code/css/main.css HTTP/1.1" 304 -
::1 - - [09/Dec/2021:19:51:16 -0300] "GET /code/veiculo.php HTTP/1.1" 200 1690
::1 - - [09/Dec/2021:19:52:03 -0300] "GET /code/home.php HTTP/1.1" 200 2790
::1 - - [09/Dec/2021:19:52:03 -0300] "GET /code/css/main.css HTTP/1.1" 304 -
::1 - - [09/Dec/2021:19:52:05 -0300] "GET /code/home.php HTTP/1.1" 200 2790
::1 - - [09/Dec/2021:19:52:07 -0300] "GET /code/veiculo.php HTTP/1.1" 200 1853
::1 - - [09/Dec/2021:19:52:07 -0300] "GET /code/css/main.css HTTP/1.1" 304 -
::1 - - [09/Dec/2021:19:52:08 -0300] "GET /code/veiculo.php HTTP/1.1" 200 1853
::1 - - [09/Dec/2021:19:52:42 -0300] "GET /code/veiculo.php HTTP/1.1" 200 1853
::1 - - [09/Dec/2021:19:52:42 -0300] "GET /code/css/main.css HTTP/1.1" 200 4788
::1 - - [09/Dec/2021:19:52:43 -0300] "GET /code/veiculo.php HTTP/1.1" 200 1853
::1 - - [09/Dec/2021:19:52:43 -0300] "GET /code/css/main.css HTTP/1.1" 304 -
::1 - - [09/Dec/2021:19:52:44 -0300] "GET /code/veiculo.php HTTP/1.1" 200 1853
::1 - - [09/Dec/2021:19:52:44 -0300] "GET /code/css/main.css HTTP/1.1" 304 -
::1 - - [09/Dec/2021:19:52:45 -0300] "GET /code/veiculo.php HTTP/1.1" 200 1853
::1 - - [09/Dec/2021:19:52:45 -0300] "GET /code/css/main.css HTTP/1.1" 304 -
::1 - - [09/Dec/2021:19:53:19 -0300] "GET /code/veiculo.php HTTP/1.1" 200 1845
::1 - - [09/Dec/2021:19:53:19 -0300] "GET /code/css/main.css HTTP/1.1" 304 -
::1 - - [09/Dec/2021:19:53:20 -0300] "GET /code/veiculo.php HTTP/1.1" 200 1845
::1 - - [09/Dec/2021:19:53:35 -0300] "GET /code/veiculo.php HTTP/1.1" 200 1845
::1 - - [09/Dec/2021:19:53:35 -0300] "GET /code/css/main.css HTTP/1.1" 200 4830
::1 - - [09/Dec/2021:19:53:41 -0300] "GET /code/veiculo.php HTTP/1.1" 200 1845
::1 - - [09/Dec/2021:19:53:41 -0300] "GET /code/css/main.css HTTP/1.1" 200 4829
::1 - - [09/Dec/2021:19:53:49 -0300] "GET /code/veiculo.php HTTP/1.1" 200 1845
::1 - - [09/Dec/2021:19:53:49 -0300] "GET /code/css/main.css HTTP/1.1" 200 4789
::1 - - [09/Dec/2021:19:54:33 -0300] "GET /code/veiculo.php HTTP/1.1" 200 1883
::1 - - [09/Dec/2021:19:54:33 -0300] "GET /code/css/main.css HTTP/1.1" 304 -
::1 - - [09/Dec/2021:19:54:34 -0300] "GET /code/veiculo.php HTTP/1.1" 200 1883
::1 - - [09/Dec/2021:19:54:35 -0300] "GET /code/veiculo.php HTTP/1.1" 200 1883
::1 - - [09/Dec/2021:19:54:58 -0300] "GET /code/veiculo.php HTTP/1.1" 200 1939
::1 - - [09/Dec/2021:19:54:58 -0300] "GET /code/css/main.css HTTP/1.1" 304 -
::1 - - [09/Dec/2021:19:54:58 -0300] "GET /code/imagem/logo_estacioney50px.png HTTP/1.1" 304 -
::1 - - [09/Dec/2021:19:54:58 -0300] "GET /code/imagem/opcao-de-sair.png HTTP/1.1" 304 -
::1 - - [09/Dec/2021:19:55:23 -0300] "GET /code/veiculo.php HTTP/1.1" 200 1939
::1 - - [09/Dec/2021:19:55:23 -0300] "GET /code/css/main.css HTTP/1.1" 200 4823
::1 - - [09/Dec/2021:19:55:28 -0300] "GET /code/veiculo.php HTTP/1.1" 200 1939
::1 - - [09/Dec/2021:19:55:28 -0300] "GET /code/css/main.css HTTP/1.1" 200 4822
::1 - - [09/Dec/2021:19:56:18 -0300] "GET /code/veiculo.php HTTP/1.1" 200 1939
::1 - - [09/Dec/2021:19:56:18 -0300] "GET /code/css/main.css HTTP/1.1" 200 4846
::1 - - [09/Dec/2021:19:56:54 -0300] "GET /code/veiculo.php HTTP/1.1" 200 1939
::1 - - [09/Dec/2021:19:56:54 -0300] "GET /code/css/main.css HTTP/1.1" 200 4887
::1 - - [09/Dec/2021:19:57:21 -0300] "GET /code/veiculo.php HTTP/1.1" 200 1979
::1 - - [09/Dec/2021:19:57:21 -0300] "GET /code/css/main.css HTTP/1.1" 304 -
::1 - - [09/Dec/2021:19:57:22 -0300] "GET /code/veiculo.php HTTP/1.1" 200 1979
::1 - - [09/Dec/2021:19:57:41 -0300] "GET /code/veiculo.php HTTP/1.1" 200 1994
::1 - - [09/Dec/2021:19:57:41 -0300] "GET /code/css/main.css HTTP/1.1" 304 -
::1 - - [09/Dec/2021:19:57:42 -0300] "GET /code/veiculo.php HTTP/1.1" 200 1994
::1 - - [09/Dec/2021:19:57:55 -0300] "GET /code/veiculo.php HTTP/1.1" 200 1994
::1 - - [09/Dec/2021:19:57:55 -0300] "GET /code/css/main.css HTTP/1.1" 200 4920
::1 - - [09/Dec/2021:19:58:04 -0300] "GET /code/veiculo.php HTTP/1.1" 200 1994
::1 - - [09/Dec/2021:19:58:04 -0300] "GET /code/css/main.css HTTP/1.1" 200 4944
::1 - - [09/Dec/2021:19:58:23 -0300] "GET /code/veiculo.php HTTP/1.1" 200 1994
::1 - - [09/Dec/2021:19:58:23 -0300] "GET /code/css/main.css HTTP/1.1" 200 4968
::1 - - [09/Dec/2021:19:58:24 -0300] "GET /code/veiculo.php HTTP/1.1" 200 1994
::1 - - [09/Dec/2021:19:58:24 -0300] "GET /code/css/main.css HTTP/1.1" 304 -
::1 - - [09/Dec/2021:19:58:24 -0300] "GET /code/veiculo.php HTTP/1.1" 200 1994
::1 - - [09/Dec/2021:19:58:24 -0300] "GET /code/css/main.css HTTP/1.1" 304 -
::1 - - [09/Dec/2021:19:58:44 -0300] "GET /code/veiculo.php HTTP/1.1" 200 2182
::1 - - [09/Dec/2021:19:58:44 -0300] "GET /code/css/main.css HTTP/1.1" 200 4968
::1 - - [09/Dec/2021:19:58:45 -0300] "GET /code/veiculo.php HTTP/1.1" 200 2182
::1 - - [09/Dec/2021:19:58:45 -0300] "GET /code/veiculo.php HTTP/1.1" 200 2182
::1 - - [09/Dec/2021:19:58:53 -0300] "GET /code/veiculo.php HTTP/1.1" 200 2182
::1 - - [09/Dec/2021:19:58:53 -0300] "GET /code/css/main.css HTTP/1.1" 200 4967
::1 - - [09/Dec/2021:19:59:26 -0300] "GET /code/veiculo.php HTTP/1.1" 200 2182
::1 - - [09/Dec/2021:19:59:26 -0300] "GET /code/css/main.css HTTP/1.1" 200 5067
::1 - - [09/Dec/2021:19:59:27 -0300] "GET /code/veiculo.php HTTP/1.1" 200 2182
::1 - - [09/Dec/2021:19:59:27 -0300] "GET /code/css/main.css HTTP/1.1" 304 -
::1 - - [09/Dec/2021:19:59:37 -0300] "GET /code/veiculo.php HTTP/1.1" 200 2182
::1 - - [09/Dec/2021:19:59:37 -0300] "GET /code/css/main.css HTTP/1.1" 200 5067
::1 - - [09/Dec/2021:19:59:38 -0300] "GET /code/veiculo.php HTTP/1.1" 200 2182
::1 - - [09/Dec/2021:19:59:38 -0300] "GET /code/css/main.css HTTP/1.1" 304 -
::1 - - [09/Dec/2021:19:59:42 -0300] "GET /code/veiculo.php HTTP/1.1" 200 2182
::1 - - [09/Dec/2021:19:59:42 -0300] "GET /code/css/main.css HTTP/1.1" 200 5068
::1 - - [09/Dec/2021:19:59:48 -0300] "GET /code/veiculo.php HTTP/1.1" 200 2182
::1 - - [09/Dec/2021:19:59:48 -0300] "GET /code/css/main.css HTTP/1.1" 200 5068
::1 - - [09/Dec/2021:19:59:52 -0300] "GET /code/veiculo.php HTTP/1.1" 200 2182
::1 - - [09/Dec/2021:19:59:52 -0300] "GET /code/css/main.css HTTP/1.1" 200 5068
::1 - - [09/Dec/2021:20:00:14 -0300] "GET /code/veiculo.php HTTP/1.1" 200 2182
::1 - - [09/Dec/2021:20:00:14 -0300] "GET /code/css/main.css HTTP/1.1" 200 5069
::1 - - [09/Dec/2021:20:00:22 -0300] "GET /code/veiculo.php HTTP/1.1" 200 2182
::1 - - [09/Dec/2021:20:00:22 -0300] "GET /code/css/main.css HTTP/1.1" 200 5069
::1 - - [09/Dec/2021:20:00:26 -0300] "GET /code/veiculo.php HTTP/1.1" 200 2182
::1 - - [09/Dec/2021:20:00:26 -0300] "GET /code/css/main.css HTTP/1.1" 200 5069
::1 - - [09/Dec/2021:20:00:32 -0300] "GET /code/veiculo.php HTTP/1.1" 200 2182
::1 - - [09/Dec/2021:20:00:32 -0300] "GET /code/css/main.css HTTP/1.1" 200 5068
::1 - - [09/Dec/2021:20:00:40 -0300] "GET /code/veiculo.php HTTP/1.1" 200 2182
::1 - - [09/Dec/2021:20:00:40 -0300] "GET /code/css/main.css HTTP/1.1" 200 5068
::1 - - [09/Dec/2021:20:00:49 -0300] "GET /code/veiculo.php HTTP/1.1" 200 2182
::1 - - [09/Dec/2021:20:00:49 -0300] "GET /code/css/main.css HTTP/1.1" 200 5068
::1 - - [09/Dec/2021:20:00:54 -0300] "GET /code/veiculo.php HTTP/1.1" 200 2182
::1 - - [09/Dec/2021:20:00:54 -0300] "GET /code/css/main.css HTTP/1.1" 200 5069
::1 - - [09/Dec/2021:20:00:57 -0300] "GET /code/veiculo.php HTTP/1.1" 200 2182
::1 - - [09/Dec/2021:20:00:57 -0300] "GET /code/css/main.css HTTP/1.1" 200 5069
::1 - - [09/Dec/2021:20:01:01 -0300] "GET /code/veiculo.php HTTP/1.1" 200 2182
::1 - - [09/Dec/2021:20:01:01 -0300] "GET /code/css/main.css HTTP/1.1" 200 5069
::1 - - [09/Dec/2021:20:01:07 -0300] "GET /code/veiculo.php HTTP/1.1" 200 2182
::1 - - [09/Dec/2021:20:01:07 -0300] "GET /code/css/main.css HTTP/1.1" 200 5069
::1 - - [09/Dec/2021:20:01:54 -0300] "GET /code/tela_historico.php HTTP/1.1" 404 221
::1 - - [09/Dec/2021:20:01:59 -0300] "GET /code/historico.php HTTP/1.1" 200 2790
::1 - - [09/Dec/2021:20:01:59 -0300] "GET /code/css/main.css HTTP/1.1" 304 -
::1 - - [09/Dec/2021:20:02:02 -0300] "GET /code/historico.php HTTP/1.1" 200 2790
::1 - - [09/Dec/2021:20:02:22 -0300] "GET /code/historico.php HTTP/1.1" 200 2795
::1 - - [09/Dec/2021:20:02:22 -0300] "GET /code/css/main.css HTTP/1.1" 304 -
::1 - - [09/Dec/2021:20:02:32 -0300] "GET /code/historico.php HTTP/1.1" 200 2790
::1 - - [09/Dec/2021:20:02:32 -0300] "GET /code/css/main.css HTTP/1.1" 304 -
::1 - - [09/Dec/2021:20:02:48 -0300] "GET /code/historico.php HTTP/1.1" 200 2787
::1 - - [09/Dec/2021:20:02:48 -0300] "GET /code/css/main.css HTTP/1.1" 304 -
::1 - - [09/Dec/2021:20:03:07 -0300] "GET /code/historico.php HTTP/1.1" 200 2663
::1 - - [09/Dec/2021:20:03:07 -0300] "GET /code/css/main.css HTTP/1.1" 304 -
::1 - - [09/Dec/2021:20:03:07 -0300] "GET /code/historico.php HTTP/1.1" 200 2663
::1 - - [09/Dec/2021:20:03:23 -0300] "GET /code/historico.php HTTP/1.1" 200 2685
::1 - - [09/Dec/2021:20:03:23 -0300] "GET /code/css/main.css HTTP/1.1" 304 -
::1 - - [09/Dec/2021:20:03:34 -0300] "GET /code/historico.php HTTP/1.1" 200 2680
::1 - - [09/Dec/2021:20:03:56 -0300] "GET /code/historico.php HTTP/1.1" 200 2680
::1 - - [09/Dec/2021:20:03:56 -0300] "GET /code/css/main.css HTTP/1.1" 304 -
::1 - - [09/Dec/2021:20:04:05 -0300] "GET /code/historico.php HTTP/1.1" 200 2680
::1 - - [09/Dec/2021:20:05:05 -0300] "-" 408 -
::1 - - [09/Dec/2021:20:05:10 -0300] "GET /code/veiculo.php HTTP/1.1" 200 2182
::1 - - [09/Dec/2021:20:05:10 -0300] "GET /code/css/main.css HTTP/1.1" 304 -
::1 - - [09/Dec/2021:20:06:10 -0300] "-" 408 -
::1 - - [09/Dec/2021:20:08:25 -0300] "GET /code/historico.php HTTP/1.1" 200 2680
::1 - - [09/Dec/2021:20:08:25 -0300] "GET /code/css/main.css HTTP/1.1" 304 -
::1 - - [09/Dec/2021:20:08:25 -0300] "GET /code/historico.php HTTP/1.1" 200 2680
::1 - - [09/Dec/2021:20:08:26 -0300] "GET /code/historico.php HTTP/1.1" 200 2680
::1 - - [09/Dec/2021:20:08:32 -0300] "GET /code/veiculo.php HTTP/1.1" 200 2408
::1 - - [09/Dec/2021:20:08:33 -0300] "GET /code/veiculo.php HTTP/1.1" 200 2408
::1 - - [09/Dec/2021:20:09:32 -0300] "-" 408 -
::1 - - [09/Dec/2021:20:10:47 -0300] "GET /code/veiculo.php HTTP/1.1" 200 2408
::1 - - [09/Dec/2021:20:10:47 -0300] "GET /code/css/main.css HTTP/1.1" 304 -
::1 - - [09/Dec/2021:20:10:47 -0300] "GET /code/veiculo.php HTTP/1.1" 200 2408
::1 - - [09/Dec/2021:20:10:47 -0300] "GET /code/veiculo.php HTTP/1.1" 200 2408
::1 - - [09/Dec/2021:20:10:50 -0300] "GET /code/veiculo.php HTTP/1.1" 200 2182
::1 - - [09/Dec/2021:20:10:54 -0300] "GET /code/historico.php HTTP/1.1" 200 2926
::1 - - [09/Dec/2021:20:10:54 -0300] "GET /code/css/main.css HTTP/1.1" 304 -
::1 - - [09/Dec/2021:20:11:26 -0300] "GET /code/historico.php HTTP/1.1" 200 2977
::1 - - [09/Dec/2021:20:12:16 -0300] "GET /code/historico.php HTTP/1.1" 200 2977
::1 - - [09/Dec/2021:20:12:16 -0300] "GET /code/css/main.css HTTP/1.1" 200 5835
::1 - - [09/Dec/2021:20:13:16 -0300] "-" 408 -
::1 - - [09/Dec/2021:20:14:14 -0300] "GET /code/historico.php HTTP/1.1" 200 2977
::1 - - [09/Dec/2021:20:14:14 -0300] "GET /code/css/main.css HTTP/1.1" 200 5640
::1 - - [09/Dec/2021:20:14:15 -0300] "GET /code/historico.php HTTP/1.1" 200 2977
::1 - - [09/Dec/2021:20:14:15 -0300] "GET /code/css/main.css HTTP/1.1" 304 -
::1 - - [09/Dec/2021:20:15:14 -0300] "-" 408 -
::1 - - [09/Dec/2021:20:16:15 -0300] "GET /code/historico.php HTTP/1.1" 200 2704
::1 - - [09/Dec/2021:20:16:15 -0300] "GET /code/imagem/logo_estacioney50px.png HTTP/1.1" 304 -
::1 - - [09/Dec/2021:20:16:15 -0300] "GET /code/css/main.css HTTP/1.1" 304 -
::1 - - [09/Dec/2021:20:16:15 -0300] "GET /code/imagem/opcao-de-sair.png HTTP/1.1" 304 -
::1 - - [09/Dec/2021:20:21:48 -0300] "GET /code/veiculo.php HTTP/1.1" 200 2182
::1 - - [09/Dec/2021:20:21:48 -0300] "GET /code/css/main.css HTTP/1.1" 200 5640
::1 - - [09/Dec/2021:20:21:48 -0300] "GET /code/imagem/opcao-de-sair.png HTTP/1.1" 304 -
::1 - - [09/Dec/2021:20:21:54 -0300] "GET /code/empresa.php HTTP/1.1" 200 2452
::1 - - [09/Dec/2021:20:22:54 -0300] "-" 408 -
::1 - - [09/Dec/2021:20:24:19 -0300] "GET /code/empresa.php HTTP/1.1" 200 2452
::1 - - [09/Dec/2021:20:24:19 -0300] "GET /code/css/main.css HTTP/1.1" 200 5169
::1 - - [09/Dec/2021:20:24:19 -0300] "GET /code/empresa.php HTTP/1.1" 200 2452
::1 - - [09/Dec/2021:20:24:19 -0300] "GET /code/css/main.css HTTP/1.1" 304 -
::1 - - [09/Dec/2021:20:24:24 -0300] "GET /code/empresa.php HTTP/1.1" 200 2452
::1 - - [09/Dec/2021:20:24:24 -0300] "GET /code/css/main.css HTTP/1.1" 200 5169
::1 - - [09/Dec/2021:20:24:25 -0300] "GET /code/empresa.php HTTP/1.1" 200 2452
::1 - - [09/Dec/2021:20:24:25 -0300] "GET /code/css/main.css HTTP/1.1" 304 -
::1 - - [09/Dec/2021:20:24:41 -0300] "GET /code/empresa.php HTTP/1.1" 200 2452
::1 - - [09/Dec/2021:20:24:41 -0300] "GET /code/css/main.css HTTP/1.1" 200 5163
::1 - - [09/Dec/2021:20:24:50 -0300] "GET /code/empresa.php HTTP/1.1" 200 2452
::1 - - [09/Dec/2021:20:24:50 -0300] "GET /code/css/main.css HTTP/1.1" 200 5187
::1 - - [09/Dec/2021:20:24:58 -0300] "GET /code/empresa.php HTTP/1.1" 200 2452
::1 - - [09/Dec/2021:20:24:58 -0300] "GET /code/css/main.css HTTP/1.1" 200 5187
::1 - - [09/Dec/2021:20:25:58 -0300] "-" 408 -
::1 - - [09/Dec/2021:20:26:38 -0300] "GET /code/empresa.php HTTP/1.1" 200 2456
::1 - - [09/Dec/2021:20:26:38 -0300] "GET /code/css/main.css HTTP/1.1" 304 -
::1 - - [09/Dec/2021:20:27:38 -0300] "-" 408 -
::1 - - [09/Dec/2021:20:28:21 -0300] "GET /code/empresa.php HTTP/1.1" 200 2456
::1 - - [09/Dec/2021:20:28:21 -0300] "GET /code/css/main.css HTTP/1.1" 200 5229
::1 - - [09/Dec/2021:20:28:53 -0300] "GET /code/empresa.php HTTP/1.1" 200 2456
::1 - - [09/Dec/2021:20:28:53 -0300] "GET /code/css/main.css HTTP/1.1" 200 5275
::1 - - [09/Dec/2021:20:29:02 -0300] "GET /code/empresa.php HTTP/1.1" 200 2456
::1 - - [09/Dec/2021:20:29:02 -0300] "GET /code/css/main.css HTTP/1.1" 200 5294
::1 - - [09/Dec/2021:20:29:03 -0300] "GET /code/empresa.php HTTP/1.1" 200 2456
::1 - - [09/Dec/2021:20:29:03 -0300] "GET /code/css/main.css HTTP/1.1" 304 -
::1 - - [09/Dec/2021:20:29:14 -0300] "GET /code/empresa.php HTTP/1.1" 200 2456
::1 - - [09/Dec/2021:20:29:14 -0300] "GET /code/css/main.css HTTP/1.1" 200 5299
::1 - - [09/Dec/2021:20:29:44 -0300] "GET /code/empresa.php HTTP/1.1" 200 2456
::1 - - [09/Dec/2021:20:29:44 -0300] "GET /code/css/main.css HTTP/1.1" 200 5373
::1 - - [09/Dec/2021:20:30:12 -0300] "GET /code/empresa.php HTTP/1.1" 200 2456
::1 - - [09/Dec/2021:20:30:13 -0300] "GET /code/css/main.css HTTP/1.1" 200 5515
::1 - - [09/Dec/2021:20:30:25 -0300] "GET /code/empresa.php HTTP/1.1" 200 2456
::1 - - [09/Dec/2021:20:30:25 -0300] "GET /code/css/main.css HTTP/1.1" 200 5587
::1 - - [09/Dec/2021:20:30:32 -0300] "GET /code/empresa.php HTTP/1.1" 200 2456
::1 - - [09/Dec/2021:20:30:32 -0300] "GET /code/css/main.css HTTP/1.1" 200 5587
::1 - - [09/Dec/2021:20:30:37 -0300] "GET /code/empresa.php HTTP/1.1" 200 2456
::1 - - [09/Dec/2021:20:30:37 -0300] "GET /code/css/main.css HTTP/1.1" 200 5588
::1 - - [09/Dec/2021:20:30:41 -0300] "GET /code/empresa.php HTTP/1.1" 200 2456
::1 - - [09/Dec/2021:20:30:41 -0300] "GET /code/css/main.css HTTP/1.1" 200 5588
::1 - - [09/Dec/2021:20:30:46 -0300] "GET /code/empresa.php HTTP/1.1" 200 2456
::1 - - [09/Dec/2021:20:30:46 -0300] "GET /code/css/main.css HTTP/1.1" 200 5588
::1 - - [09/Dec/2021:20:30:52 -0300] "GET /code/empresa.php HTTP/1.1" 200 2456
::1 - - [09/Dec/2021:20:30:52 -0300] "GET /code/css/main.css HTTP/1.1" 200 5588
::1 - - [09/Dec/2021:20:30:58 -0300] "GET /code/empresa.php HTTP/1.1" 200 2456
::1 - - [09/Dec/2021:20:30:58 -0300] "GET /code/css/main.css HTTP/1.1" 200 5588
::1 - - [09/Dec/2021:20:31:10 -0300] "GET /code/empresa.php HTTP/1.1" 200 2456
::1 - - [09/Dec/2021:20:31:10 -0300] "GET /code/css/main.css HTTP/1.1" 200 5611
::1 - - [09/Dec/2021:20:31:11 -0300] "GET /code/empresa.php HTTP/1.1" 200 2456
::1 - - [09/Dec/2021:20:31:11 -0300] "GET /code/css/main.css HTTP/1.1" 304 -
::1 - - [09/Dec/2021:20:31:11 -0300] "GET /code/empresa.php HTTP/1.1" 200 2456
::1 - - [09/Dec/2021:20:31:11 -0300] "GET /code/css/main.css HTTP/1.1" 304 -
::1 - - [09/Dec/2021:20:31:26 -0300] "GET /code/empresa.php HTTP/1.1" 200 2456
::1 - - [09/Dec/2021:20:31:27 -0300] "GET /code/css/main.css HTTP/1.1" 200 5588
::1 - - [09/Dec/2021:20:31:31 -0300] "GET /code/empresa.php HTTP/1.1" 200 2456
::1 - - [09/Dec/2021:20:31:31 -0300] "GET /code/css/main.css HTTP/1.1" 200 5589
::1 - - [09/Dec/2021:20:31:36 -0300] "GET /code/empresa.php HTTP/1.1" 200 2456
::1 - - [09/Dec/2021:20:31:36 -0300] "GET /code/css/main.css HTTP/1.1" 200 5589
::1 - - [09/Dec/2021:20:31:40 -0300] "GET /code/empresa.php HTTP/1.1" 200 2456
::1 - - [09/Dec/2021:20:31:40 -0300] "GET /code/css/main.css HTTP/1.1" 200 5589
::1 - - [09/Dec/2021:20:31:46 -0300] "GET /code/empresa.php HTTP/1.1" 200 2456
::1 - - [09/Dec/2021:20:31:46 -0300] "GET /code/css/main.css HTTP/1.1" 200 5589
::1 - - [09/Dec/2021:20:32:12 -0300] "GET /code/empresa.php HTTP/1.1" 200 2491
::1 - - [09/Dec/2021:20:32:12 -0300] "GET /code/css/main.css HTTP/1.1" 304 -
::1 - - [09/Dec/2021:20:32:23 -0300] "GET /code/empresa.php HTTP/1.1" 200 2491
::1 - - [09/Dec/2021:20:32:23 -0300] "GET /code/css/main.css HTTP/1.1" 304 -
::1 - - [09/Dec/2021:20:33:23 -0300] "-" 408 -
::1 - - [09/Dec/2021:20:34:58 -0300] "GET /code/estacionamento.php HTTP/1.1" 200 2690
::1 - - [09/Dec/2021:20:34:58 -0300] "GET /code/css/main.css HTTP/1.1" 200 5589
::1 - - [09/Dec/2021:20:35:30 -0300] "GET /code/estacionamento.php HTTP/1.1" 200 2704
::1 - - [09/Dec/2021:20:35:30 -0300] "GET /code/css/main.css HTTP/1.1" 304 -
::1 - - [09/Dec/2021:20:35:53 -0300] "GET /code/estacionamento.php HTTP/1.1" 200 2704
::1 - - [09/Dec/2021:20:35:53 -0300] "GET /code/css/main.css HTTP/1.1" 304 -
::1 - - [09/Dec/2021:20:36:35 -0300] "GET /code/estacionamento.php HTTP/1.1" 200 2719
::1 - - [09/Dec/2021:20:36:35 -0300] "GET /code/css/main.css HTTP/1.1" 304 -
::1 - - [09/Dec/2021:20:36:37 -0300] "GET /code/estacionamento.php HTTP/1.1" 200 2719
::1 - - [09/Dec/2021:20:37:33 -0300] "GET /code/estacionamento.php HTTP/1.1" 200 2607
::1 - - [09/Dec/2021:20:37:33 -0300] "GET /code/css/main.css HTTP/1.1" 304 -
::1 - - [09/Dec/2021:20:37:34 -0300] "GET /code/estacionamento.php HTTP/1.1" 200 2607
::1 - - [09/Dec/2021:20:37:48 -0300] "GET /code/estacionamento.php HTTP/1.1" 200 2553
::1 - - [09/Dec/2021:20:38:48 -0300] "-" 408 -
::1 - - [09/Dec/2021:20:38:48 -0300] "GET /code/estacionamento.php HTTP/1.1" 200 2588
::1 - - [09/Dec/2021:20:38:48 -0300] "GET /code/css/main.css HTTP/1.1" 304 -
::1 - - [09/Dec/2021:20:38:48 -0300] "GET /code/imagem/logo_estacioney50px.png HTTP/1.1" 304 -
::1 - - [09/Dec/2021:20:38:48 -0300] "GET /code/imagem/opcao-de-sair.png HTTP/1.1" 304 -
::1 - - [09/Dec/2021:20:38:53 -0300] "GET /code/estacionamento.php HTTP/1.1" 200 2585
::1 - - [09/Dec/2021:20:39:15 -0300] "GET /code/estacionamento.php HTTP/1.1" 200 2638
::1 - - [09/Dec/2021:20:39:50 -0300] "GET /code/estacionamento.php HTTP/1.1" 200 2614
::1 - - [09/Dec/2021:20:39:50 -0300] "GET /code/css/main.css HTTP/1.1" 304 -
::1 - - [09/Dec/2021:20:40:07 -0300] "GET /code/estacionamento.php HTTP/1.1" 200 2633
::1 - - [09/Dec/2021:20:41:07 -0300] "-" 408 -
::1 - - [09/Dec/2021:20:42:11 -0300] "GET /code/estacionamento.php HTTP/1.1" 200 2625
::1 - - [09/Dec/2021:20:42:12 -0300] "GET /code/css/main.css HTTP/1.1" 304 -
::1 - - [09/Dec/2021:20:42:22 -0300] "GET /code/estacionamento.php HTTP/1.1" 200 2466
::1 - - [09/Dec/2021:20:42:22 -0300] "GET /code/css/main.css HTTP/1.1" 304 -
::1 - - [09/Dec/2021:20:43:22 -0300] "-" 408 -
::1 - - [09/Dec/2021:20:43:32 -0300] "GET /code/estacionamento.php HTTP/1.1" 200 2484
::1 - - [09/Dec/2021:20:43:32 -0300] "GET /code/css/main.css HTTP/1.1" 304 -
::1 - - [09/Dec/2021:20:43:32 -0300] "GET /code/estacionamento.php HTTP/1.1" 200 2484
::1 - - [09/Dec/2021:20:44:32 -0300] "-" 408 -
::1 - - [09/Dec/2021:20:46:24 -0300] "GET /code/estacionamento.php HTTP/1.1" 200 2858
::1 - - [09/Dec/2021:20:46:24 -0300] "GET /code/css/main.css HTTP/1.1" 304 -
::1 - - [09/Dec/2021:20:46:25 -0300] "GET /code/estacionamento.php HTTP/1.1" 200 2858
::1 - - [09/Dec/2021:20:46:43 -0300] "GET /code/estacionamento.php HTTP/1.1" 200 2889
::1 - - [09/Dec/2021:20:47:02 -0300] "GET /code/estacionamento.php HTTP/1.1" 200 2872
::1 - - [09/Dec/2021:20:47:04 -0300] "GET /code/estacionamento.php HTTP/1.1" 200 2872
::1 - - [09/Dec/2021:20:47:21 -0300] "GET /code/estacionamento.php HTTP/1.1" 200 2909
::1 - - [09/Dec/2021:20:48:21 -0300] "-" 408 -
::1 - - [09/Dec/2021:20:48:23 -0300] "GET /code/estacionamento.php HTTP/1.1" 200 3190
::1 - - [09/Dec/2021:20:48:23 -0300] "GET /code/css/main.css HTTP/1.1" 304 -
::1 - - [09/Dec/2021:20:48:24 -0300] "GET /code/estacionamento.php HTTP/1.1" 200 3190
::1 - - [09/Dec/2021:20:48:58 -0300] "GET /code/estacionamento.php HTTP/1.1" 200 3264
::1 - - [09/Dec/2021:20:48:58 -0300] "GET /code/estacionamento.php HTTP/1.1" 200 3264
::1 - - [09/Dec/2021:20:49:16 -0300] "GET /code/estacionamento.php HTTP/1.1" 200 3264
::1 - - [09/Dec/2021:20:49:20 -0300] "GET /code/estacionamento.php HTTP/1.1" 200 3264
::1 - - [09/Dec/2021:20:49:21 -0300] "GET /code/estacionamento.php HTTP/1.1" 200 3264
::1 - - [09/Dec/2021:20:49:26 -0300] "GET /code/estacionamento.php HTTP/1.1" 200 3264
::1 - - [09/Dec/2021:20:49:27 -0300] "GET /code/estacionamento.php HTTP/1.1" 200 3264
::1 - - [09/Dec/2021:20:49:28 -0300] "GET /code/estacionamento.php HTTP/1.1" 200 3264
::1 - - [09/Dec/2021:20:49:29 -0300] "GET /code/estacionamento.php HTTP/1.1" 200 3264
::1 - - [09/Dec/2021:20:50:26 -0300] "-" 408 -
